#
# There is insufficient memory for the Java Runtime Environment to continue.
# Native memory allocation (malloc) failed to allocate 767536 bytes for Chunk::new
# Possible reasons:
#   The system is out of physical RAM or swap space
#   In 32 bit mode, the process size limit was hit
# Possible solutions:
#   Reduce memory load on the system
#   Increase physical memory or swap space
#   Check if swap backing store is full
#   Use 64 bit Java on a 64 bit OS
#   Decrease Java heap size (-Xmx/-Xms)
#   Decrease number of Java threads
#   Decrease Java thread stack sizes (-Xss)
#   Set larger code cache with -XX:ReservedCodeCacheSize=
# This output file may be truncated or incomplete.
#
#  Out of Memory Error (allocation.cpp:390), pid=5756, tid=6052
#
# JRE version: Java(TM) SE Runtime Environment (8.0_60-b27) (build 1.8.0_60-b27)
# Java VM: Java HotSpot(TM) 64-Bit Server VM (25.60-b23 mixed mode windows-amd64 compressed oops)
# Failed to write core dump. Minidumps are not enabled by default on client versions of Windows
#

---------------  T H R E A D  ---------------

Current thread (0x0000000014ad8000):  JavaThread "C2 CompilerThread0" daemon [_thread_in_native, id=6052, stack(0x0000000016010000,0x0000000016110000)]

Stack: [0x0000000016010000,0x0000000016110000]
[error occurred during error reporting (printing stack bounds), id 0xc0000005]

Native frames: (J=compiled Java code, j=interpreted, Vv=VM code, C=native code)


Current CompileTask:
C2:   1571 1296       4       com.android.dx.ssa.SsaMethod::forEachInsn (36 bytes)


---------------  P R O C E S S  ---------------

Java Threads: ( => current thread )
  0x0000000016697000 JavaThread "pool-1-thread-4" [_thread_blocked, id=6508, stack(0x0000000016c10000,0x0000000016d10000)]
  0x0000000016694000 JavaThread "pool-1-thread-3" [_thread_in_Java, id=5140, stack(0x0000000016b10000,0x0000000016c10000)]
  0x000000001665f000 JavaThread "pool-1-thread-2" [_thread_blocked, id=9964, stack(0x0000000016a10000,0x0000000016b10000)]
  0x000000001665e000 JavaThread "pool-2-thread-1" [_thread_blocked, id=4152, stack(0x0000000016910000,0x0000000016a10000)]
  0x0000000016627000 JavaThread "pool-1-thread-1" [_thread_in_vm, id=2392, stack(0x0000000016810000,0x0000000016910000)]
  0x0000000014b28800 JavaThread "Service Thread" daemon [_thread_blocked, id=5408, stack(0x0000000016210000,0x0000000016310000)]
  0x0000000014aca800 JavaThread "C1 CompilerThread1" daemon [_thread_blocked, id=5356, stack(0x0000000016110000,0x0000000016210000)]
=>0x0000000014ad8000 JavaThread "C2 CompilerThread0" daemon [_thread_in_native, id=6052, stack(0x0000000016010000,0x0000000016110000)]
  0x0000000014ad6800 JavaThread "Attach Listener" daemon [_thread_blocked, id=5512, stack(0x0000000015f10000,0x0000000016010000)]
  0x0000000014ad5800 JavaThread "Signal Dispatcher" daemon [_thread_blocked, id=8720, stack(0x0000000015e10000,0x0000000015f10000)]
  0x000000000250e000 JavaThread "Finalizer" daemon [_thread_blocked, id=9444, stack(0x0000000015a30000,0x0000000015b30000)]
  0x000000000250c800 JavaThread "Reference Handler" daemon [_thread_blocked, id=10132, stack(0x0000000015930000,0x0000000015a30000)]
  0x0000000002420800 JavaThread "main" [_thread_blocked, id=8812, stack(0x0000000002240000,0x0000000002340000)]

Other Threads:
  0x0000000014a97000 VMThread [stack: 0x0000000015830000,0x0000000015930000] [id=10140]
  0x0000000014b36000 WatcherThread [stack: 0x0000000016310000,0x0000000016410000] [id=32]

VM state:not at safepoint (normal execution)

VM Mutex/Monitor currently owned by a thread: None

Heap:
 PSYoungGen      total 34816K, used 17248K [0x00000000eab00000, 0x00000000ede00000, 0x0000000100000000)
  eden space 30208K, 41% used [0x00000000eab00000,0x00000000eb7581d0,0x00000000ec880000)
  from space 4608K, 100% used [0x00000000ec880000,0x00000000ecd00000,0x00000000ecd00000)
  to   space 4608K, 0% used [0x00000000ed980000,0x00000000ed980000,0x00000000ede00000)
 ParOldGen       total 58368K, used 7694K [0x00000000c0000000, 0x00000000c3900000, 0x00000000eab00000)
  object space 58368K, 13% used [0x00000000c0000000,0x00000000c0783b80,0x00000000c3900000)
 Metaspace       used 6217K, capacity 7088K, committed 7296K, reserved 1058816K
  class space    used 602K, capacity 616K, committed 640K, reserved 1048576K

Card table byte_map: [0x00000000118e0000,0x0000000011af0000] byte_map_base: 0x00000000112e0000

Marking Bits: (ParMarkBitMap*) 0x0000000071b3a5b0
 Begin Bits: [0x0000000011f50000, 0x0000000012f50000)
 End Bits:   [0x0000000012f50000, 0x0000000013f50000)

Polling page: 0x0000000000890000

CodeCache: size=245760Kb used=5025Kb max_used=5025Kb free=240734Kb
 bounds [0x0000000002520000, 0x0000000002a10000, 0x0000000011520000]
 total_blobs=1610 nmethods=1340 adapters=182
 compilation: enabled

Compilation events (10 events):
Event: 1.559 Thread 0x0000000014aca800 1390       2       sun.util.calendar.BaseCalendar::isLeapYear (5 bytes)
Event: 1.559 Thread 0x0000000014aca800 nmethod 1390 0x0000000002a0b090 code [0x0000000002a0b1e0, 0x0000000002a0b3f0]
Event: 1.559 Thread 0x0000000014aca800 1391       2       sun.util.calendar.CalendarUtils::isGregorianLeapYear (27 bytes)
Event: 1.559 Thread 0x0000000014aca800 nmethod 1391 0x0000000002a0b510 code [0x0000000002a0b660, 0x0000000002a0b850]
Event: 1.559 Thread 0x0000000014aca800 1402       2       java.util.concurrent.locks.AbstractQueuedSynchronizer::acquire (27 bytes)
Event: 1.559 Thread 0x0000000014aca800 nmethod 1402 0x0000000002a0b950 code [0x0000000002a0bae0, 0x0000000002a0bcf8]
Event: 1.559 Thread 0x0000000014aca800 1366       2       java.util.concurrent.LinkedBlockingQueue::enqueue (14 bytes)
Event: 1.559 Thread 0x0000000014aca800 nmethod 1366 0x0000000002a0be10 code [0x0000000002a0bf60, 0x0000000002a0c0d0]
Event: 1.559 Thread 0x0000000014aca800 1367       2       java.util.concurrent.LinkedBlockingQueue::dequeue (32 bytes)
Event: 1.560 Thread 0x0000000014aca800 nmethod 1367 0x0000000002a0c190 code [0x0000000002a0c2e0, 0x0000000002a0c470]

GC Heap History (8 events):
Event: 1.013 GC heap before
{Heap before GC invocations=1 (full 0):
 PSYoungGen      total 34816K, used 30208K [0x00000000eab00000, 0x00000000ed180000, 0x0000000100000000)
  eden space 30208K, 100% used [0x00000000eab00000,0x00000000ec880000,0x00000000ec880000)
  from space 4608K, 0% used [0x00000000ecd00000,0x00000000ecd00000,0x00000000ed180000)
  to   space 4608K, 0% used [0x00000000ec880000,0x00000000ec880000,0x00000000ecd00000)
 ParOldGen       total 79360K, used 559K [0x00000000c0000000, 0x00000000c4d80000, 0x00000000eab00000)
  object space 79360K, 0% used [0x00000000c0000000,0x00000000c008bd90,0x00000000c4d80000)
 Metaspace       used 5881K, capacity 6768K, committed 7040K, reserved 1056768K
  class space    used 595K, capacity 616K, committed 640K, reserved 1048576K
Event: 1.021 GC heap after
Heap after GC invocations=1 (full 0):
 PSYoungGen      total 34816K, used 4590K [0x00000000eab00000, 0x00000000ed180000, 0x0000000100000000)
  eden space 30208K, 0% used [0x00000000eab00000,0x00000000eab00000,0x00000000ec880000)
  from space 4608K, 99% used [0x00000000ec880000,0x00000000eccfb9c8,0x00000000ecd00000)
  to   space 4608K, 0% used [0x00000000ecd00000,0x00000000ecd00000,0x00000000ed180000)
 ParOldGen       total 79360K, used 1274K [0x00000000c0000000, 0x00000000c4d80000, 0x00000000eab00000)
  object space 79360K, 1% used [0x00000000c0000000,0x00000000c013ea00,0x00000000c4d80000)
 Metaspace       used 5881K, capacity 6768K, committed 7040K, reserved 1056768K
  class space    used 595K, capacity 616K, committed 640K, reserved 1048576K
}
Event: 1.173 GC heap before
{Heap before GC invocations=2 (full 0):
 PSYoungGen      total 34816K, used 32765K [0x00000000eab00000, 0x00000000ed180000, 0x0000000100000000)
  eden space 30208K, 93% used [0x00000000eab00000,0x00000000ec683d00,0x00000000ec880000)
  from space 4608K, 99% used [0x00000000ec880000,0x00000000eccfb9c8,0x00000000ecd00000)
  to   space 4608K, 0% used [0x00000000ecd00000,0x00000000ecd00000,0x00000000ed180000)
 ParOldGen       total 79360K, used 1274K [0x00000000c0000000, 0x00000000c4d80000, 0x00000000eab00000)
  object space 79360K, 1% used [0x00000000c0000000,0x00000000c013ea00,0x00000000c4d80000)
 Metaspace       used 6094K, capacity 6960K, committed 7040K, reserved 1060864K
  class space    used 600K, capacity 616K, committed 640K, reserved 1048576K
Event: 1.192 GC heap after
Heap after GC invocations=2 (full 0):
 PSYoungGen      total 34816K, used 4599K [0x00000000eab00000, 0x00000000ed180000, 0x0000000100000000)
  eden space 30208K, 0% used [0x00000000eab00000,0x00000000eab00000,0x00000000ec880000)
  from space 4608K, 99% used [0x00000000ecd00000,0x00000000ed17dc88,0x00000000ed180000)
  to   space 4608K, 0% used [0x00000000ec880000,0x00000000ec880000,0x00000000ecd00000)
 ParOldGen       total 79360K, used 4390K [0x00000000c0000000, 0x00000000c4d80000, 0x00000000eab00000)
  object space 79360K, 5% used [0x00000000c0000000,0x00000000c0449970,0x00000000c4d80000)
 Metaspace       used 6094K, capacity 6960K, committed 7040K, reserved 1060864K
  class space    used 600K, capacity 616K, committed 640K, reserved 1048576K
}
Event: 1.192 GC heap before
{Heap before GC invocations=3 (full 1):
 PSYoungGen      total 34816K, used 4599K [0x00000000eab00000, 0x00000000ed180000, 0x0000000100000000)
  eden space 30208K, 0% used [0x00000000eab00000,0x00000000eab00000,0x00000000ec880000)
  from space 4608K, 99% used [0x00000000ecd00000,0x00000000ed17dc88,0x00000000ed180000)
  to   space 4608K, 0% used [0x00000000ec880000,0x00000000ec880000,0x00000000ecd00000)
 ParOldGen       total 79360K, used 4390K [0x00000000c0000000, 0x00000000c4d80000, 0x00000000eab00000)
  object space 79360K, 5% used [0x00000000c0000000,0x00000000c0449970,0x00000000c4d80000)
 Metaspace       used 6094K, capacity 6960K, committed 7040K, reserved 1060864K
  class space    used 600K, capacity 616K, committed 640K, reserved 1048576K
Event: 1.276 GC heap after
Heap after GC invocations=3 (full 1):
 PSYoungGen      total 34816K, used 0K [0x00000000eab00000, 0x00000000ed180000, 0x0000000100000000)
  eden space 30208K, 0% used [0x00000000eab00000,0x00000000eab00000,0x00000000ec880000)
  from space 4608K, 0% used [0x00000000ecd00000,0x00000000ecd00000,0x00000000ed180000)
  to   space 4608K, 0% used [0x00000000ec880000,0x00000000ec880000,0x00000000ecd00000)
 ParOldGen       total 58368K, used 7565K [0x00000000c0000000, 0x00000000c3900000, 0x00000000eab00000)
  object space 58368K, 12% used [0x00000000c0000000,0x00000000c07637f8,0x00000000c3900000)
 Metaspace       used 6094K, capacity 6960K, committed 7040K, reserved 1058816K
  class space    used 600K, capacity 616K, committed 640K, reserved 1048576K
}
Event: 1.449 GC heap before
{Heap before GC invocations=4 (full 1):
 PSYoungGen      total 34816K, used 30208K [0x00000000eab00000, 0x00000000ed180000, 0x0000000100000000)
  eden space 30208K, 100% used [0x00000000eab00000,0x00000000ec880000,0x00000000ec880000)
  from space 4608K, 0% used [0x00000000ecd00000,0x00000000ecd00000,0x00000000ed180000)
  to   space 4608K, 0% used [0x00000000ec880000,0x00000000ec880000,0x00000000ecd00000)
 ParOldGen       total 58368K, used 7568K [0x00000000c0000000, 0x00000000c3900000, 0x00000000eab00000)
  object space 58368K, 12% used [0x00000000c0000000,0x00000000c07643a8,0x00000000c3900000)
 Metaspace       used 6163K, capacity 7024K, committed 7296K, reserved 1058816K
  class space    used 602K, capacity 616K, committed 640K, reserved 1048576K
Event: 1.455 GC heap after
Heap after GC invocations=4 (full 1):
 PSYoungGen      total 34816K, used 4608K [0x00000000eab00000, 0x00000000ede00000, 0x0000000100000000)
  eden space 30208K, 0% used [0x00000000eab00000,0x00000000eab00000,0x00000000ec880000)
  from space 4608K, 100% used [0x00000000ec880000,0x00000000ecd00000,0x00000000ecd00000)
  to   space 4608K, 0% used [0x00000000ed980000,0x00000000ed980000,0x00000000ede00000)
 ParOldGen       total 58368K, used 7694K [0x00000000c0000000, 0x00000000c3900000, 0x00000000eab00000)
  object space 58368K, 13% used [0x00000000c0000000,0x00000000c0783b80,0x00000000c3900000)
 Metaspace       used 6163K, capacity 7024K, committed 7296K, reserved 1058816K
  class space    used 602K, capacity 616K, committed 640K, reserved 1048576K
}

Deoptimization events (3 events):
Event: 0.748 Thread 0x000000001665f000 Uncommon trap: reason=unstable_if action=reinterpret pc=0x000000000282b85c method=com.android.dx.rop.cst.Constant.compareTo(Lcom/android/dx/rop/cst/Constant;)I @ 12
Event: 1.381 Thread 0x0000000016697000 Uncommon trap: reason=unstable_if action=reinterpret pc=0x00000000028bc344 method=com.android.dx.rop.code.RegisterSpecSet.<init>(I)V @ 2
Event: 1.402 Thread 0x0000000016694000 Uncommon trap: reason=unstable_if action=reinterpret pc=0x00000000029626dc method=com.android.dx.ssa.SsaMethod.updateOneDefinition(Lcom/android/dx/ssa/SsaInsn;Lcom/android/dx/rop/code/RegisterSpec;)V @ 4

Internal exceptions (2 events):
Event: 0.036 Thread 0x0000000002420800 Exception <a 'java/lang/NoSuchMethodError': Method sun.misc.Unsafe.defineClass(Ljava/lang/String;[BII)Ljava/lang/Class; name or signature does not match> (0x00000000eab0d3e0) thrown at [C:\re\workspace\8-2-build-windows-amd64-cygwin\jdk8u60\4407\hotspot\sr‡s'¦S?¢?
Event: 0.036 Thread 0x0000000002420800 Exception <a 'java/lang/NoSuchMethodError': Method sun.misc.Unsafe.prefetchRead(Ljava/lang/Object;J)V name or signature does not match> (0x00000000eab0d6c8) thrown at [C:\re\workspace\8-2-build-windows-amd64-cygwin\jdk8u60\4407\hotspot\src\share\vm\prims\j

Events (10 events):
Event: 1.475 Thread 0x0000000014aca800 flushing nmethod 0x000000000265d090
Event: 1.475 Thread 0x0000000014aca800 flushing nmethod 0x000000000265d3d0
Event: 1.475 Thread 0x0000000014aca800 flushing nmethod 0x000000000265db90
Event: 1.475 Thread 0x0000000014aca800 flushing nmethod 0x000000000265e5d0
Event: 1.475 Thread 0x0000000014aca800 flushing nmethod 0x000000000265fb90
Event: 1.475 Thread 0x0000000014aca800 flushing nmethod 0x0000000002660f50
Event: 1.475 Thread 0x0000000014aca800 flushing nmethod 0x0000000002661650
Event: 1.475 Thread 0x0000000014aca800 flushing nmethod 0x0000000002661f10
Event: 1.475 Thread 0x0000000014aca800 flushing nmethod 0x00000000026668d0
Event: 1.475 Thread 0x0000000014aca800 flushing nmethod 0x0000000002667290


Dynamic libraries:
0x00007ff6fc960000 - 0x00007ff6fc997000 	C:\Program Files\Java\jdk1.8.0_60\bin\java.exe
0x00007ffd00e50000 - 0x00007ffd00ffc000 	C:\Windows\SYSTEM32\ntdll.dll
0x00007ffd00040000 - 0x00007ffd0017e000 	C:\Windows\system32\KERNEL32.DLL
0x00007ffcf1330000 - 0x00007ffcf1362000 	E:\Program Files (x86)\AVG\Av\avghooka.dll
0x00007ffcfe2a0000 - 0x00007ffcfe3b5000 	C:\Windows\system32\KERNELBASE.dll
0x00007ffcfcb40000 - 0x00007ffcfcbce000 	C:\Windows\system32\apphelp.dll
0x00007ffce63e0000 - 0x00007ffce6433000 	C:\Windows\AppPatch\AppPatch64\AcGenral.DLL
0x00007ffd00400000 - 0x00007ffd004aa000 	C:\Windows\system32\msvcrt.dll
0x00007ffcfde40000 - 0x00007ffcfde6e000 	C:\Windows\SYSTEM32\SspiCli.dll
0x00007ffd00a20000 - 0x00007ffd00a74000 	C:\Windows\system32\SHLWAPI.dll
0x00007ffd00650000 - 0x00007ffd007c7000 	C:\Windows\system32\USER32.dll
0x00007ffd004b0000 - 0x00007ffd00644000 	C:\Windows\system32\ole32.dll
0x00007ffcfeb00000 - 0x00007ffd0002b000 	C:\Windows\system32\SHELL32.dll
0x00007ffcfd5c0000 - 0x00007ffcfd5e1000 	C:\Windows\SYSTEM32\USERENV.dll
0x00007ffcfe5a0000 - 0x00007ffcfe64a000 	C:\Windows\system32\ADVAPI32.dll
0x00007ffceed40000 - 0x00007ffceed5e000 	C:\Windows\SYSTEM32\MPR.dll
0x00007ffd00a80000 - 0x00007ffd00bc1000 	C:\Windows\system32\RPCRT4.dll
0x00007ffd003a0000 - 0x00007ffd003f9000 	C:\Windows\SYSTEM32\sechost.dll
0x00007ffd00800000 - 0x00007ffd00a11000 	C:\Windows\SYSTEM32\combase.dll
0x00007ffcfe890000 - 0x00007ffcfe9e0000 	C:\Windows\system32\GDI32.dll
0x00007ffcfdfa0000 - 0x00007ffcfdfb5000 	C:\Windows\SYSTEM32\profapi.dll
0x00007ffcfc510000 - 0x00007ffcfc5c2000 	C:\Windows\SYSTEM32\SHCORE.dll
0x00007ffd00c30000 - 0x00007ffd00c66000 	C:\Windows\system32\IMM32.DLL
0x00007ffcfe650000 - 0x00007ffcfe7a2000 	C:\Windows\system32\MSCTF.dll
0x00007ffcfc090000 - 0x00007ffcfc30b000 	C:\Windows\WinSxS\amd64_microsoft.windows.common-controls_6595b64144ccf1df_6.0.9600.18006_none_623f33d3ecbe86e8\COMCTL32.dll
0x0000000070eb0000 - 0x0000000070f82000 	C:\Program Files\Java\jdk1.8.0_60\jre\bin\msvcr100.dll
0x0000000071330000 - 0x0000000071bb9000 	C:\Program Files\Java\jdk1.8.0_60\jre\bin\server\jvm.dll
0x00007ffceaeb0000 - 0x00007ffceaeb9000 	C:\Windows\SYSTEM32\WSOCK32.dll
0x00007ffcfb230000 - 0x00007ffcfb252000 	C:\Windows\SYSTEM32\WINMM.dll
0x00007ffcfb690000 - 0x00007ffcfb69a000 	C:\Windows\SYSTEM32\VERSION.dll
0x00007ffcfe7b0000 - 0x00007ffcfe7b7000 	C:\Windows\system32\PSAPI.DLL
0x00007ffcfe9e0000 - 0x00007ffcfea3a000 	C:\Windows\system32\WS2_32.dll
0x00007ffcfb1f0000 - 0x00007ffcfb21a000 	C:\Windows\SYSTEM32\WINMMBASE.dll
0x00007ffcfe4d0000 - 0x00007ffcfe4d9000 	C:\Windows\system32\NSI.dll
0x00007ffcfe250000 - 0x00007ffcfe29f000 	C:\Windows\SYSTEM32\cfgmgr32.dll
0x00007ffcfcd90000 - 0x00007ffcfcdb8000 	C:\Windows\SYSTEM32\DEVOBJ.dll
0x0000000071320000 - 0x000000007132f000 	C:\Program Files\Java\jdk1.8.0_60\jre\bin\verify.dll
0x00000000712f0000 - 0x0000000071319000 	C:\Program Files\Java\jdk1.8.0_60\jre\bin\java.dll
0x00000000712d0000 - 0x00000000712e6000 	C:\Program Files\Java\jdk1.8.0_60\jre\bin\zip.dll

VM Arguments:
jvm_args: -Djava.awt.headless=true -Xmx1024M -Dfile.encoding=windows-1252 -Duser.country=ES -Duser.language=es -Duser.variant 
java_command: com.android.dx.command.Main --dex --num-threads=4 --output C:\Users\Javier\MultiThreadingExample\app\build\intermediates\pre-dexed\debug\internal_impl-23.1.1_b85607624972a5d9f93fe6895d36ee3430628e4c.jar C:\Users\Javier\MultiThreadingExample\app\build\intermediates\exploded-aar\com.android.support\support-v4\23.1.1\jars\libs\internal_impl-23.1.1.jar
java_class_path (initial): C:\Users\Javier\AppData\Local\Android\sdk\build-tools\23.0.2\lib\dx.jar
Launcher Type: SUN_STANDARD

Environment Variables:
PATH=C:\ProgramData\Oracle\Java\javapath;C:\Program Files (x86)\NVIDIA Corporation\PhysX\Common;C:\Windows\system32;C:\Windows;C:\Windows\System32\Wbem;C:\Windows\System32\WindowsPowerShell\v1.0\;E:\Program Files\Microsoft SQL Server\110\Tools\Binn\;E:\Program Files\Microsoft SQL Server\120\Tools\Binn\;C:\Program Files (x86)\Windows Live\Shared;C:\Users\Javier\Anaconda\Scripts
USERNAME=Javier
OS=Windows_NT
PROCESSOR_IDENTIFIER=Intel64 Family 6 Model 60 Stepping 3, GenuineIntel



---------------  S Y S T E M  ---------------

OS: Windows 8.1 , 64 bit Build 9600 (6.3.9600.17415)

CPU:total 3 (2 cores per cpu, 2 threads per core) family 6 model 60 stepping 3, cmov, cx8, fxsr, mmx, sse, sse2, sse3, ssse3, sse4.1, sse4.2, popcnt, avx, avx2, aes, clmul, erms, lzcnt, ht, tsc, tscinvbit, bmi1, bmi2

Memory: 4k page, physical 7519340k(903976k free), swap 10591340k(5836k free)

vm_info: Java HotSpot(TM) 64-Bit Server VM (25.60-b23) for windows-amd64 JRE (1.8.0_60-b27), built on Aug  4 2015 11:06:27 by "java_re" with MS VC++ 10.0 (VS2010)

time: Fri Jan 29 13:50:55 2016
elapsed time: 1 seconds (0d 0h 0m 1s)

