#
# There is insufficient memory for the Java Runtime Environment to continue.
# Native memory allocation (malloc) failed to allocate 73136 bytes for Chunk::new
# Possible reasons:
#   The system is out of physical RAM or swap space
#   In 32 bit mode, the process size limit was hit
# Possible solutions:
#   Reduce memory load on the system
#   Increase physical memory or swap space
#   Check if swap backing store is full
#   Use 64 bit Java on a 64 bit OS
#   Decrease Java heap size (-Xmx/-Xms)
#   Decrease number of Java threads
#   Decrease Java thread stack sizes (-Xss)
#   Set larger code cache with -XX:ReservedCodeCacheSize=
# This output file may be truncated or incomplete.
#
#  Out of Memory Error (allocation.cpp:390), pid=5960, tid=10184
#
# JRE version: Java(TM) SE Runtime Environment (8.0_60-b27) (build 1.8.0_60-b27)
# Java VM: Java HotSpot(TM) 64-Bit Server VM (25.60-b23 mixed mode windows-amd64 compressed oops)
# Failed to write core dump. Minidumps are not enabled by default on client versions of Windows
#

---------------  T H R E A D  ---------------

Current thread (0x0000000014877000):  JavaThread "C2 CompilerThread0" daemon [_thread_in_native, id=10184, stack(0x0000000015db0000,0x0000000015eb0000)]

Stack: [0x0000000015db0000,0x0000000015eb0000]
[error occurred during error reporting (printing stack bounds), id 0xc0000005]

Native frames: (J=compiled Java code, j=interpreted, Vv=VM code, C=native code)


Current CompileTask:
C2:   2159 1102       4       com.android.dx.ssa.SsaRenamer$BlockRenamer::addMapping (143 bytes)


---------------  P R O C E S S  ---------------

Java Threads: ( => current thread )
  0x0000000016327000 JavaThread "pool-1-thread-4" [_thread_in_Java, id=9936, stack(0x0000000016bb0000,0x0000000016cb0000)]
  0x0000000016326000 JavaThread "pool-1-thread-3" [_thread_blocked, id=3540, stack(0x00000000168b0000,0x00000000169b0000)]
  0x0000000016323800 JavaThread "pool-1-thread-2" [_thread_blocked, id=9896, stack(0x00000000167b0000,0x00000000168b0000)]
  0x0000000016322800 JavaThread "pool-2-thread-1" [_thread_blocked, id=2900, stack(0x00000000166b0000,0x00000000167b0000)]
  0x0000000016320000 JavaThread "pool-1-thread-1" [_thread_blocked, id=1160, stack(0x00000000165b0000,0x00000000166b0000)]
  0x00000000148ee800 JavaThread "Service Thread" daemon [_thread_blocked, id=6000, stack(0x0000000015fb0000,0x00000000160b0000)]
  0x000000001487a000 JavaThread "C1 CompilerThread1" daemon [_thread_in_native, id=5692, stack(0x0000000015eb0000,0x0000000015fb0000)]
=>0x0000000014877000 JavaThread "C2 CompilerThread0" daemon [_thread_in_native, id=10184, stack(0x0000000015db0000,0x0000000015eb0000)]
  0x0000000014885000 JavaThread "Attach Listener" daemon [_thread_blocked, id=5568, stack(0x0000000015cb0000,0x0000000015db0000)]
  0x0000000014883800 JavaThread "Signal Dispatcher" daemon [_thread_blocked, id=8504, stack(0x0000000015bb0000,0x0000000015cb0000)]
  0x000000000220e000 JavaThread "Finalizer" daemon [_thread_blocked, id=4156, stack(0x00000000157d0000,0x00000000158d0000)]
  0x000000000220c800 JavaThread "Reference Handler" daemon [_thread_blocked, id=6428, stack(0x00000000156d0000,0x00000000157d0000)]
  0x0000000002120800 JavaThread "main" [_thread_blocked, id=7444, stack(0x0000000001fe0000,0x00000000020e0000)]

Other Threads:
  0x0000000014847000 VMThread [stack: 0x00000000155d0000,0x00000000156d0000] [id=5748]
  0x00000000160b8800 WatcherThread [stack: 0x00000000164b0000,0x00000000165b0000] [id=7848]

VM state:not at safepoint (normal execution)

VM Mutex/Monitor currently owned by a thread: None

Heap:
 PSYoungGen      total 34816K, used 9240K [0x00000000eab00000, 0x00000000ed180000, 0x0000000100000000)
  eden space 30208K, 15% used [0x00000000eab00000,0x00000000eaf86f00,0x00000000ec880000)
  from space 4608K, 99% used [0x00000000ecd00000,0x00000000ed17f458,0x00000000ed180000)
  to   space 4608K, 0% used [0x00000000ec880000,0x00000000ec880000,0x00000000ecd00000)
 ParOldGen       total 53760K, used 1194K [0x00000000c0000000, 0x00000000c3480000, 0x00000000eab00000)
  object space 53760K, 2% used [0x00000000c0000000,0x00000000c012a860,0x00000000c3480000)
 Metaspace       used 5979K, capacity 6896K, committed 7040K, reserved 1060864K
  class space    used 602K, capacity 616K, committed 640K, reserved 1048576K

Card table byte_map: [0x0000000011690000,0x00000000118a0000] byte_map_base: 0x0000000011090000

Marking Bits: (ParMarkBitMap*) 0x0000000071b3a5b0
 Begin Bits: [0x0000000011d00000, 0x0000000012d00000)
 End Bits:   [0x0000000012d00000, 0x0000000013d00000)

Polling page: 0x00000000008a0000

CodeCache: size=245760Kb used=4460Kb max_used=4460Kb free=241299Kb
 bounds [0x00000000022d0000, 0x0000000002730000, 0x00000000112d0000]
 total_blobs=1408 nmethods=1139 adapters=182
 compilation: enabled

Compilation events (10 events):
Event: 2.157 Thread 0x000000001487a000 nmethod 1142 0x00000000027276d0 code [0x0000000002727860, 0x0000000002727b18]
Event: 2.157 Thread 0x000000001487a000 1138       2       com.android.dx.cf.direct.MethodListParser::set (30 bytes)
Event: 2.157 Thread 0x000000001487a000 nmethod 1138 0x0000000002727c50 code [0x0000000002727e00, 0x0000000002728338]
Event: 2.157 Thread 0x000000001487a000 1139       2       com.android.dx.cf.iface.StdMethod::<init> (40 bytes)
Event: 2.157 Thread 0x000000001487a000 nmethod 1139 0x0000000002728a50 code [0x0000000002728c00, 0x0000000002728f28]
Event: 2.157 Thread 0x000000001487a000 1140       2       com.android.dx.cf.iface.StdMember::getDescriptor (8 bytes)
Event: 2.157 Thread 0x000000001487a000 nmethod 1140 0x00000000027292d0 code [0x0000000002729420, 0x0000000002729570]
Event: 2.157 Thread 0x000000001487a000 1143       2       com.android.dx.util.LabeledList::<init> (57 bytes)
Event: 2.158 Thread 0x000000001487a000 nmethod 1143 0x0000000002729610 code [0x00000000027297e0, 0x0000000002729d98]
Event: 2.158 Thread 0x000000001487a000 1146       2       com.android.dx.rop.code.BasicBlockList::getInstructionCount (48 bytes)

GC Heap History (6 events):
Event: 0.125 GC heap before
{Heap before GC invocations=1 (full 0):
 PSYoungGen      total 34816K, used 1812K [0x00000000eab00000, 0x00000000ed180000, 0x0000000100000000)
  eden space 30208K, 6% used [0x00000000eab00000,0x00000000eacc52b8,0x00000000ec880000)
  from space 4608K, 0% used [0x00000000ecd00000,0x00000000ecd00000,0x00000000ed180000)
  to   space 4608K, 0% used [0x00000000ec880000,0x00000000ec880000,0x00000000ecd00000)
 ParOldGen       total 79360K, used 0K [0x00000000c0000000, 0x00000000c4d80000, 0x00000000eab00000)
  object space 79360K, 0% used [0x00000000c0000000,0x00000000c0000000,0x00000000c4d80000)
 Metaspace       used 2771K, capacity 4482K, committed 4608K, reserved 1062912K
  class space    used 300K, capacity 386K, committed 512K, reserved 1048576K
Event: 0.127 GC heap after
Heap after GC invocations=1 (full 0):
 PSYoungGen      total 34816K, used 416K [0x00000000eab00000, 0x00000000ed180000, 0x0000000100000000)
  eden space 30208K, 0% used [0x00000000eab00000,0x00000000eab00000,0x00000000ec880000)
  from space 4608K, 9% used [0x00000000ec880000,0x00000000ec8e8020,0x00000000ecd00000)
  to   space 4608K, 0% used [0x00000000ecd00000,0x00000000ecd00000,0x00000000ed180000)
 ParOldGen       total 79360K, used 8K [0x00000000c0000000, 0x00000000c4d80000, 0x00000000eab00000)
  object space 79360K, 0% used [0x00000000c0000000,0x00000000c0002000,0x00000000c4d80000)
 Metaspace       used 2771K, capacity 4482K, committed 4608K, reserved 1062912K
  class space    used 300K, capacity 386K, committed 512K, reserved 1048576K
}
Event: 0.127 GC heap before
{Heap before GC invocations=2 (full 1):
 PSYoungGen      total 34816K, used 416K [0x00000000eab00000, 0x00000000ed180000, 0x0000000100000000)
  eden space 30208K, 0% used [0x00000000eab00000,0x00000000eab00000,0x00000000ec880000)
  from space 4608K, 9% used [0x00000000ec880000,0x00000000ec8e8020,0x00000000ecd00000)
  to   space 4608K, 0% used [0x00000000ecd00000,0x00000000ecd00000,0x00000000ed180000)
 ParOldGen       total 79360K, used 8K [0x00000000c0000000, 0x00000000c4d80000, 0x00000000eab00000)
  object space 79360K, 0% used [0x00000000c0000000,0x00000000c0002000,0x00000000c4d80000)
 Metaspace       used 2771K, capacity 4482K, committed 4608K, reserved 1062912K
  class space    used 300K, capacity 386K, committed 512K, reserved 1048576K
Event: 0.136 GC heap after
Heap after GC invocations=2 (full 1):
 PSYoungGen      total 34816K, used 0K [0x00000000eab00000, 0x00000000ed180000, 0x0000000100000000)
  eden space 30208K, 0% used [0x00000000eab00000,0x00000000eab00000,0x00000000ec880000)
  from space 4608K, 0% used [0x00000000ec880000,0x00000000ec880000,0x00000000ecd00000)
  to   space 4608K, 0% used [0x00000000ecd00000,0x00000000ecd00000,0x00000000ed180000)
 ParOldGen       total 53760K, used 307K [0x00000000c0000000, 0x00000000c3480000, 0x00000000eab00000)
  object space 53760K, 0% used [0x00000000c0000000,0x00000000c004cea8,0x00000000c3480000)
 Metaspace       used 2771K, capacity 4482K, committed 4608K, reserved 1058816K
  class space    used 300K, capacity 386K, committed 512K, reserved 1048576K
}
Event: 2.128 GC heap before
{Heap before GC invocations=3 (full 1):
 PSYoungGen      total 34816K, used 30208K [0x00000000eab00000, 0x00000000ed180000, 0x0000000100000000)
  eden space 30208K, 100% used [0x00000000eab00000,0x00000000ec880000,0x00000000ec880000)
  from space 4608K, 0% used [0x00000000ec880000,0x00000000ec880000,0x00000000ecd00000)
  to   space 4608K, 0% used [0x00000000ecd00000,0x00000000ecd00000,0x00000000ed180000)
 ParOldGen       total 53760K, used 307K [0x00000000c0000000, 0x00000000c3480000, 0x00000000eab00000)
  object space 53760K, 0% used [0x00000000c0000000,0x00000000c004cea8,0x00000000c3480000)
 Metaspace       used 5959K, capacity 6896K, committed 7040K, reserved 1060864K
  class space    used 602K, capacity 616K, committed 640K, reserved 1048576K
Event: 2.136 GC heap after
Heap after GC invocations=3 (full 1):
 PSYoungGen      total 34816K, used 4605K [0x00000000eab00000, 0x00000000ed180000, 0x0000000100000000)
  eden space 30208K, 0% used [0x00000000eab00000,0x00000000eab00000,0x00000000ec880000)
  from space 4608K, 99% used [0x00000000ecd00000,0x00000000ed17f458,0x00000000ed180000)
  to   space 4608K, 0% used [0x00000000ec880000,0x00000000ec880000,0x00000000ecd00000)
 ParOldGen       total 53760K, used 1194K [0x00000000c0000000, 0x00000000c3480000, 0x00000000eab00000)
  object space 53760K, 2% used [0x00000000c0000000,0x00000000c012a860,0x00000000c3480000)
 Metaspace       used 5959K, capacity 6896K, committed 7040K, reserved 1060864K
  class space    used 602K, capacity 616K, committed 640K, reserved 1048576K
}

Deoptimization events (3 events):
Event: 1.309 Thread 0x0000000016323800 Uncommon trap: reason=unstable_if action=reinterpret pc=0x0000000002536df0 method=java.util.BitSet.nextSetBit(I)I @ 87
Event: 1.969 Thread 0x0000000016320000 Uncommon trap: reason=unstable_if action=reinterpret pc=0x00000000025dc560 method=com.android.dx.rop.code.RegisterSpecSet.put(Lcom/android/dx/rop/code/RegisterSpec;)V @ 77
Event: 2.057 Thread 0x0000000016327000 Uncommon trap: reason=unstable_if action=reinterpret pc=0x00000000025e7904 method=com.android.dx.rop.code.RegisterSpec.equals(ILcom/android/dx/rop/type/TypeBearer;Lcom/android/dx/rop/code/LocalItem;)Z @ 42

Internal exceptions (2 events):
Event: 0.045 Thread 0x0000000002120800 Exception <a 'java/lang/NoSuchMethodError': Method sun.misc.Unsafe.defineClass(Ljava/lang/String;[BII)Ljava/lang/Class; name or signature does not match> (0x00000000eab0d3e8) thrown at [C:\re\workspace\8-2-build-windows-amd64-cygwin\jdk8u60\4407\hotspot\sr1ïj9ùö¦?
Event: 0.045 Thread 0x0000000002120800 Exception <a 'java/lang/NoSuchMethodError': Method sun.misc.Unsafe.prefetchRead(Ljava/lang/Object;J)V name or signature does not match> (0x00000000eab0d6d0) thrown at [C:\re\workspace\8-2-build-windows-amd64-cygwin\jdk8u60\4407\hotspot\src\share\vm\prims\j

Events (10 events):
Event: 1.908 loading class java/util/DualPivotQuicksort
Event: 1.908 loading class java/util/DualPivotQuicksort done
Event: 1.969 Thread 0x0000000016320000 Uncommon trap: trap_request=0xffffff65 fr.pc=0x00000000025dc560
Event: 1.969 Thread 0x0000000016320000 DEOPT PACKING pc=0x00000000025dc560 sp=0x00000000166aece0
Event: 1.969 Thread 0x0000000016320000 DEOPT UNPACKING pc=0x000000000231582a sp=0x00000000166aec00 mode 2
Event: 2.057 Thread 0x0000000016327000 Uncommon trap: trap_request=0xffffff65 fr.pc=0x00000000025e7904
Event: 2.057 Thread 0x0000000016327000 DEOPT PACKING pc=0x00000000025e7904 sp=0x0000000016caecf0
Event: 2.057 Thread 0x0000000016327000 DEOPT UNPACKING pc=0x000000000231582a sp=0x0000000016caec78 mode 2
Event: 2.070 Executing VM operation: ParallelGCFailedAllocation
Event: 2.136 Executing VM operation: ParallelGCFailedAllocation done


Dynamic libraries:
0x00007ff6fc960000 - 0x00007ff6fc997000 	C:\Program Files\Java\jdk1.8.0_60\bin\java.exe
0x00007ffd00e50000 - 0x00007ffd00ffc000 	C:\Windows\SYSTEM32\ntdll.dll
0x00007ffd00040000 - 0x00007ffd0017e000 	C:\Windows\system32\KERNEL32.DLL
0x00007ffcf1330000 - 0x00007ffcf1362000 	E:\Program Files (x86)\AVG\Av\avghooka.dll
0x00007ffcfe2a0000 - 0x00007ffcfe3b5000 	C:\Windows\system32\KERNELBASE.dll
0x00007ffcfcb40000 - 0x00007ffcfcbce000 	C:\Windows\system32\apphelp.dll
0x00007ffce63e0000 - 0x00007ffce6433000 	C:\Windows\AppPatch\AppPatch64\AcGenral.DLL
0x00007ffd00400000 - 0x00007ffd004aa000 	C:\Windows\system32\msvcrt.dll
0x00007ffcfde40000 - 0x00007ffcfde6e000 	C:\Windows\SYSTEM32\SspiCli.dll
0x00007ffd00a20000 - 0x00007ffd00a74000 	C:\Windows\system32\SHLWAPI.dll
0x00007ffd00650000 - 0x00007ffd007c7000 	C:\Windows\system32\USER32.dll
0x00007ffd004b0000 - 0x00007ffd00644000 	C:\Windows\system32\ole32.dll
0x00007ffcfeb00000 - 0x00007ffd0002b000 	C:\Windows\system32\SHELL32.dll
0x00007ffcfd5c0000 - 0x00007ffcfd5e1000 	C:\Windows\SYSTEM32\USERENV.dll
0x00007ffcfe5a0000 - 0x00007ffcfe64a000 	C:\Windows\system32\ADVAPI32.dll
0x00007ffceed40000 - 0x00007ffceed5e000 	C:\Windows\SYSTEM32\MPR.dll
0x00007ffd00a80000 - 0x00007ffd00bc1000 	C:\Windows\system32\RPCRT4.dll
0x00007ffd003a0000 - 0x00007ffd003f9000 	C:\Windows\SYSTEM32\sechost.dll
0x00007ffd00800000 - 0x00007ffd00a11000 	C:\Windows\SYSTEM32\combase.dll
0x00007ffcfe890000 - 0x00007ffcfe9e0000 	C:\Windows\system32\GDI32.dll
0x00007ffcfdfa0000 - 0x00007ffcfdfb5000 	C:\Windows\SYSTEM32\profapi.dll
0x00007ffcfc510000 - 0x00007ffcfc5c2000 	C:\Windows\SYSTEM32\SHCORE.dll
0x00007ffd00c30000 - 0x00007ffd00c66000 	C:\Windows\system32\IMM32.DLL
0x00007ffcfe650000 - 0x00007ffcfe7a2000 	C:\Windows\system32\MSCTF.dll
0x00007ffcfc090000 - 0x00007ffcfc30b000 	C:\Windows\WinSxS\amd64_microsoft.windows.common-controls_6595b64144ccf1df_6.0.9600.18006_none_623f33d3ecbe86e8\COMCTL32.dll
0x0000000070eb0000 - 0x0000000070f82000 	C:\Program Files\Java\jdk1.8.0_60\jre\bin\msvcr100.dll
0x0000000071330000 - 0x0000000071bb9000 	C:\Program Files\Java\jdk1.8.0_60\jre\bin\server\jvm.dll
0x00007ffceaeb0000 - 0x00007ffceaeb9000 	C:\Windows\SYSTEM32\WSOCK32.dll
0x00007ffcfb230000 - 0x00007ffcfb252000 	C:\Windows\SYSTEM32\WINMM.dll
0x00007ffcfb690000 - 0x00007ffcfb69a000 	C:\Windows\SYSTEM32\VERSION.dll
0x00007ffcfe7b0000 - 0x00007ffcfe7b7000 	C:\Windows\system32\PSAPI.DLL
0x00007ffcfe9e0000 - 0x00007ffcfea3a000 	C:\Windows\system32\WS2_32.dll
0x00007ffcfb1f0000 - 0x00007ffcfb21a000 	C:\Windows\SYSTEM32\WINMMBASE.dll
0x00007ffcfe4d0000 - 0x00007ffcfe4d9000 	C:\Windows\system32\NSI.dll
0x00007ffcfe250000 - 0x00007ffcfe29f000 	C:\Windows\SYSTEM32\cfgmgr32.dll
0x00007ffcfcd90000 - 0x00007ffcfcdb8000 	C:\Windows\SYSTEM32\DEVOBJ.dll
0x0000000071320000 - 0x000000007132f000 	C:\Program Files\Java\jdk1.8.0_60\jre\bin\verify.dll
0x00000000712f0000 - 0x0000000071319000 	C:\Program Files\Java\jdk1.8.0_60\jre\bin\java.dll
0x00000000712d0000 - 0x00000000712e6000 	C:\Program Files\Java\jdk1.8.0_60\jre\bin\zip.dll

VM Arguments:
jvm_args: -Djava.awt.headless=true -Xmx1024M -Dfile.encoding=windows-1252 -Duser.country=ES -Duser.language=es -Duser.variant 
java_command: com.android.dx.command.Main --dex --num-threads=4 --output C:\Users\Javier\MultiThreadingExample\app\build\intermediates\pre-dexed\debug\com.android.support-appcompat-v7-23.1.1_6f06eaafb493d630de5eadd814847651d7178a0a.jar C:\Users\Javier\MultiThreadingExample\app\build\intermediates\exploded-aar\com.android.support\appcompat-v7\23.1.1\jars\classes.jar
java_class_path (initial): C:\Users\Javier\AppData\Local\Android\sdk\build-tools\23.0.2\lib\dx.jar
Launcher Type: SUN_STANDARD

Environment Variables:
PATH=C:\ProgramData\Oracle\Java\javapath;C:\Program Files (x86)\NVIDIA Corporation\PhysX\Common;C:\Windows\system32;C:\Windows;C:\Windows\System32\Wbem;C:\Windows\System32\WindowsPowerShell\v1.0\;E:\Program Files\Microsoft SQL Server\110\Tools\Binn\;E:\Program Files\Microsoft SQL Server\120\Tools\Binn\;C:\Program Files (x86)\Windows Live\Shared;C:\Users\Javier\Anaconda\Scripts
USERNAME=Javier
OS=Windows_NT
PROCESSOR_IDENTIFIER=Intel64 Family 6 Model 60 Stepping 3, GenuineIntel



---------------  S Y S T E M  ---------------

OS: Windows 8.1 , 64 bit Build 9600 (6.3.9600.17415)

CPU:total 3 (2 cores per cpu, 2 threads per core) family 6 model 60 stepping 3, cmov, cx8, fxsr, mmx, sse, sse2, sse3, ssse3, sse4.1, sse4.2, popcnt, avx, avx2, aes, clmul, erms, lzcnt, ht, tsc, tscinvbit, bmi1, bmi2

Memory: 4k page, physical 7519340k(1039352k free), swap 10591340k(5124k free)

vm_info: Java HotSpot(TM) 64-Bit Server VM (25.60-b23) for windows-amd64 JRE (1.8.0_60-b27), built on Aug  4 2015 11:06:27 by "java_re" with MS VC++ 10.0 (VS2010)

time: Fri Jan 29 13:52:19 2016
elapsed time: 2 seconds (0d 0h 0m 2s)

