#
# There is insufficient memory for the Java Runtime Environment to continue.
# Native memory allocation (malloc) failed to allocate 1159952 bytes for Chunk::new
# Possible reasons:
#   The system is out of physical RAM or swap space
#   In 32 bit mode, the process size limit was hit
# Possible solutions:
#   Reduce memory load on the system
#   Increase physical memory or swap space
#   Check if swap backing store is full
#   Use 64 bit Java on a 64 bit OS
#   Decrease Java heap size (-Xmx/-Xms)
#   Decrease number of Java threads
#   Decrease Java thread stack sizes (-Xss)
#   Set larger code cache with -XX:ReservedCodeCacheSize=
# This output file may be truncated or incomplete.
#
#  Out of Memory Error (allocation.cpp:390), pid=4496, tid=6688
#
# JRE version: Java(TM) SE Runtime Environment (8.0_60-b27) (build 1.8.0_60-b27)
# Java VM: Java HotSpot(TM) 64-Bit Server VM (25.60-b23 mixed mode windows-amd64 compressed oops)
# Failed to write core dump. Minidumps are not enabled by default on client versions of Windows
#

---------------  T H R E A D  ---------------

Current thread (0x0000000014917000):  JavaThread "C2 CompilerThread0" daemon [_thread_in_native, id=6688, stack(0x0000000015e40000,0x0000000015f40000)]

Stack: [0x0000000015e40000,0x0000000015f40000]
[error occurred during error reporting (printing stack bounds), id 0xc0000005]

Native frames: (J=compiled Java code, j=interpreted, Vv=VM code, C=native code)


Current CompileTask:
C2:   1446 1270   !   4       com.android.dx.cf.code.BytecodeArray::parseInstruction (2764 bytes)


---------------  P R O C E S S  ---------------

Java Threads: ( => current thread )
  0x0000000016484000 JavaThread "pool-1-thread-4" [_thread_blocked, id=5012, stack(0x0000000016a40000,0x0000000016b40000)]
  0x0000000016483000 JavaThread "pool-1-thread-3" [_thread_blocked, id=7600, stack(0x0000000016940000,0x0000000016a40000)]
  0x000000001647c800 JavaThread "pool-1-thread-2" [_thread_blocked, id=5384, stack(0x0000000016840000,0x0000000016940000)]
  0x000000001647b800 JavaThread "pool-2-thread-1" [_thread_blocked, id=9316, stack(0x0000000016740000,0x0000000016840000)]
  0x0000000016475000 JavaThread "pool-1-thread-1" [_thread_blocked, id=3692, stack(0x0000000016640000,0x0000000016740000)]
  0x000000001498e800 JavaThread "Service Thread" daemon [_thread_blocked, id=888, stack(0x0000000016040000,0x0000000016140000)]
  0x0000000014973000 JavaThread "C1 CompilerThread1" daemon [_thread_blocked, id=8244, stack(0x0000000015f40000,0x0000000016040000)]
=>0x0000000014917000 JavaThread "C2 CompilerThread0" daemon [_thread_in_native, id=6688, stack(0x0000000015e40000,0x0000000015f40000)]
  0x0000000014925000 JavaThread "Attach Listener" daemon [_thread_blocked, id=4148, stack(0x0000000015d40000,0x0000000015e40000)]
  0x0000000014923800 JavaThread "Signal Dispatcher" daemon [_thread_blocked, id=4832, stack(0x0000000015c40000,0x0000000015d40000)]
  0x0000000002363800 JavaThread "Finalizer" daemon [_thread_blocked, id=7740, stack(0x0000000015860000,0x0000000015960000)]
  0x000000000235c800 JavaThread "Reference Handler" daemon [_thread_blocked, id=5628, stack(0x0000000015760000,0x0000000015860000)]
  0x0000000002270800 JavaThread "main" [_thread_in_Java, id=8548, stack(0x0000000002170000,0x0000000002270000)]

Other Threads:
  0x00000000148e7000 VMThread [stack: 0x0000000015660000,0x0000000015760000] [id=7560]
  0x0000000014995800 WatcherThread [stack: 0x0000000016140000,0x0000000016240000] [id=6080]

VM state:not at safepoint (normal execution)

VM Mutex/Monitor currently owned by a thread: None

Heap:
 PSYoungGen      total 34816K, used 25071K [0x00000000eab00000, 0x00000000eef00000, 0x0000000100000000)
  eden space 30208K, 67% used [0x00000000eab00000,0x00000000ebf02c10,0x00000000ec880000)
  from space 4608K, 99% used [0x00000000ec880000,0x00000000eccf9138,0x00000000ecd00000)
  to   space 4608K, 0% used [0x00000000eea80000,0x00000000eea80000,0x00000000eef00000)
 ParOldGen       total 79360K, used 1095K [0x00000000c0000000, 0x00000000c4d80000, 0x00000000eab00000)
  object space 79360K, 1% used [0x00000000c0000000,0x00000000c0111f10,0x00000000c4d80000)
 Metaspace       used 6083K, capacity 6960K, committed 7040K, reserved 1056768K
  class space    used 602K, capacity 616K, committed 640K, reserved 1048576K

Card table byte_map: [0x0000000011730000,0x0000000011940000] byte_map_base: 0x0000000011130000

Marking Bits: (ParMarkBitMap*) 0x0000000071b3a5b0
 Begin Bits: [0x0000000011da0000, 0x0000000012da0000)
 End Bits:   [0x0000000012da0000, 0x0000000013da0000)

Polling page: 0x0000000000890000

CodeCache: size=245760Kb used=4898Kb max_used=4898Kb free=240861Kb
 bounds [0x0000000002370000, 0x0000000002840000, 0x0000000011370000]
 total_blobs=1552 nmethods=1283 adapters=182
 compilation: enabled

Compilation events (10 events):
Event: 1.424 Thread 0x0000000014973000 1289       2       com.android.dx.ssa.back.FirstFitLocalCombiningAllocator::handleCheckCastResults (413 bytes)
Event: 1.427 Thread 0x0000000014973000 nmethod 1289 0x0000000002827ed0 code [0x00000000028282a0, 0x0000000002829498]
Event: 1.429 Thread 0x0000000014973000 1290       2       com.android.dx.cf.code.Merger::mergeLocals (122 bytes)
Event: 1.430 Thread 0x0000000014973000 nmethod 1290 0x000000000282b590 code [0x000000000282b780, 0x000000000282bf68]
Event: 1.433 Thread 0x0000000014973000 1292 %     3       com.android.dx.ssa.SsaConverter::placePhiFunctions @ 131 (394 bytes)
Event: 1.437 Thread 0x0000000014973000 nmethod 1292% 0x000000000282c7d0 code [0x000000000282cda0, 0x0000000002830728]
Event: 1.437 Thread 0x0000000014973000 1293       3       com.android.dx.ssa.SsaConverter::placePhiFunctions (394 bytes)
Event: 1.441 Thread 0x0000000014973000 nmethod 1293 0x00000000028341d0 code [0x0000000002834780, 0x0000000002837da8]
Event: 1.443 Thread 0x0000000014973000 1294       2       com.android.dx.rop.code.RegisterSpec::withType (13 bytes)
Event: 1.443 Thread 0x0000000014973000 nmethod 1294 0x00000000028184d0 code [0x0000000002818640, 0x00000000028187c8]

GC Heap History (2 events):
Event: 1.007 GC heap before
{Heap before GC invocations=1 (full 0):
 PSYoungGen      total 34816K, used 30208K [0x00000000eab00000, 0x00000000ed180000, 0x0000000100000000)
  eden space 30208K, 100% used [0x00000000eab00000,0x00000000ec880000,0x00000000ec880000)
  from space 4608K, 0% used [0x00000000ecd00000,0x00000000ecd00000,0x00000000ed180000)
  to   space 4608K, 0% used [0x00000000ec880000,0x00000000ec880000,0x00000000ecd00000)
 ParOldGen       total 79360K, used 0K [0x00000000c0000000, 0x00000000c4d80000, 0x00000000eab00000)
  object space 79360K, 0% used [0x00000000c0000000,0x00000000c0000000,0x00000000c4d80000)
 Metaspace       used 5946K, capacity 6896K, committed 7040K, reserved 1056768K
  class space    used 602K, capacity 616K, committed 640K, reserved 1048576K
Event: 1.078 GC heap after
Heap after GC invocations=1 (full 0):
 PSYoungGen      total 34816K, used 4580K [0x00000000eab00000, 0x00000000eef00000, 0x0000000100000000)
  eden space 30208K, 0% used [0x00000000eab00000,0x00000000eab00000,0x00000000ec880000)
  from space 4608K, 99% used [0x00000000ec880000,0x00000000eccf9138,0x00000000ecd00000)
  to   space 4608K, 0% used [0x00000000eea80000,0x00000000eea80000,0x00000000eef00000)
 ParOldGen       total 79360K, used 1095K [0x00000000c0000000, 0x00000000c4d80000, 0x00000000eab00000)
  object space 79360K, 1% used [0x00000000c0000000,0x00000000c0111f10,0x00000000c4d80000)
 Metaspace       used 5946K, capacity 6896K, committed 7040K, reserved 1056768K
  class space    used 602K, capacity 616K, committed 640K, reserved 1048576K
}

Deoptimization events (4 events):
Event: 0.549 Thread 0x0000000002270800 Uncommon trap: reason=unstable_if action=reinterpret pc=0x00000000025a3980 method=java.util.HashMap.getNode(ILjava/lang/Object;)Ljava/util/HashMap$Node; @ 62
Event: 0.831 Thread 0x0000000016483000 Uncommon trap: reason=null_check action=make_not_entrant pc=0x00000000026b4c20 method=com.android.dx.ssa.SsaRenamer.getLocalForNewReg(I)Lcom/android/dx/rop/code/LocalItem; @ 19
Event: 1.085 Thread 0x0000000016484000 Uncommon trap: reason=unstable_if action=reinterpret pc=0x0000000002715a04 method=com.android.dx.rop.code.RegisterSpec.equals(ILcom/android/dx/rop/type/TypeBearer;Lcom/android/dx/rop/code/LocalItem;)Z @ 42
Event: 1.222 Thread 0x0000000002270800 Uncommon trap: reason=unstable_if action=reinterpret pc=0x000000000276d55c method=com.android.dx.rop.cst.Constant.compareTo(Lcom/android/dx/rop/cst/Constant;)I @ 12

Internal exceptions (3 events):
Event: 0.060 Thread 0x0000000002270800 Exception <a 'java/lang/NoSuchMethodError': Method sun.misc.Unsafe.defineClass(Ljava/lang/String;[BII)Ljava/lang/Class; name or signature does not match> (0x00000000eab0d068) thrown at [C:\re\workspace\8-2-build-windows-amd64-cygwin\jdk8u60\4407\hotspot\sr´˘ä…úôÆ?
Event: 0.060 Thread 0x0000000002270800 Exception <a 'java/lang/NoSuchMethodError': Method sun.misc.Unsafe.prefetchRead(Ljava/lang/Object;J)V name or signature does not match> (0x00000000eab0d350) thrown at [C:\re\workspace\8-2-build-windows-amd64-cygwin\jdk8u60\4407\hotspot\src\share\vm\prims\j–¿˛ùóÍ?
Event: 0.831 Thread 0x0000000016483000 Implicit null exception at 0x00000000026b2a47 to 0x00000000026b4bdd

Events (10 events):
Event: 1.085 Thread 0x0000000016484000 Uncommon trap: trap_request=0xffffff65 fr.pc=0x0000000002715a04
Event: 1.085 Thread 0x0000000016484000 DEOPT PACKING pc=0x0000000002715a04 sp=0x0000000016b3eef0
Event: 1.085 Thread 0x0000000016484000 DEOPT UNPACKING pc=0x00000000023b582a sp=0x0000000016b3ee78 mode 2
Event: 1.222 Thread 0x0000000002270800 Uncommon trap: trap_request=0xffffff65 fr.pc=0x000000000276d55c
Event: 1.222 Thread 0x0000000002270800 DEOPT PACKING pc=0x000000000276d55c sp=0x000000000226dd50
Event: 1.222 Thread 0x0000000002270800 DEOPT UNPACKING pc=0x00000000023b582a sp=0x000000000226dcf0 mode 2
Event: 1.415 Thread 0x0000000002270800 DEOPT PACKING pc=0x00000000027b653d sp=0x000000000226e180
Event: 1.415 Thread 0x0000000002270800 DEOPT UNPACKING pc=0x00000000023b787f sp=0x000000000226dee8 mode 0
Event: 1.441 Thread 0x0000000002270800 DEOPT PACKING pc=0x00000000027aba68 sp=0x000000000226e0d0
Event: 1.441 Thread 0x0000000002270800 DEOPT UNPACKING pc=0x00000000023b787f sp=0x000000000226df18 mode 0


Dynamic libraries:
0x00007ff6fc960000 - 0x00007ff6fc997000 	C:\Program Files\Java\jdk1.8.0_60\bin\java.exe
0x00007ffd00e50000 - 0x00007ffd00ffc000 	C:\Windows\SYSTEM32\ntdll.dll
0x00007ffd00040000 - 0x00007ffd0017e000 	C:\Windows\system32\KERNEL32.DLL
0x00007ffcf1330000 - 0x00007ffcf1362000 	E:\Program Files (x86)\AVG\Av\avghooka.dll
0x00007ffcfe2a0000 - 0x00007ffcfe3b5000 	C:\Windows\system32\KERNELBASE.dll
0x00007ffcfcb40000 - 0x00007ffcfcbce000 	C:\Windows\system32\apphelp.dll
0x00007ffce63e0000 - 0x00007ffce6433000 	C:\Windows\AppPatch\AppPatch64\AcGenral.DLL
0x00007ffd00400000 - 0x00007ffd004aa000 	C:\Windows\system32\msvcrt.dll
0x00007ffcfde40000 - 0x00007ffcfde6e000 	C:\Windows\SYSTEM32\SspiCli.dll
0x00007ffd00a20000 - 0x00007ffd00a74000 	C:\Windows\system32\SHLWAPI.dll
0x00007ffd00650000 - 0x00007ffd007c7000 	C:\Windows\system32\USER32.dll
0x00007ffd004b0000 - 0x00007ffd00644000 	C:\Windows\system32\ole32.dll
0x00007ffcfeb00000 - 0x00007ffd0002b000 	C:\Windows\system32\SHELL32.dll
0x00007ffcfd5c0000 - 0x00007ffcfd5e1000 	C:\Windows\SYSTEM32\USERENV.dll
0x00007ffcfe5a0000 - 0x00007ffcfe64a000 	C:\Windows\system32\ADVAPI32.dll
0x00007ffceed40000 - 0x00007ffceed5e000 	C:\Windows\SYSTEM32\MPR.dll
0x00007ffd00a80000 - 0x00007ffd00bc1000 	C:\Windows\system32\RPCRT4.dll
0x00007ffd003a0000 - 0x00007ffd003f9000 	C:\Windows\SYSTEM32\sechost.dll
0x00007ffd00800000 - 0x00007ffd00a11000 	C:\Windows\SYSTEM32\combase.dll
0x00007ffcfe890000 - 0x00007ffcfe9e0000 	C:\Windows\system32\GDI32.dll
0x00007ffcfdfa0000 - 0x00007ffcfdfb5000 	C:\Windows\SYSTEM32\profapi.dll
0x00007ffcfc510000 - 0x00007ffcfc5c2000 	C:\Windows\SYSTEM32\SHCORE.dll
0x00007ffd00c30000 - 0x00007ffd00c66000 	C:\Windows\system32\IMM32.DLL
0x00007ffcfe650000 - 0x00007ffcfe7a2000 	C:\Windows\system32\MSCTF.dll
0x00007ffcfc090000 - 0x00007ffcfc30b000 	C:\Windows\WinSxS\amd64_microsoft.windows.common-controls_6595b64144ccf1df_6.0.9600.18006_none_623f33d3ecbe86e8\COMCTL32.dll
0x0000000070eb0000 - 0x0000000070f82000 	C:\Program Files\Java\jdk1.8.0_60\jre\bin\msvcr100.dll
0x0000000071330000 - 0x0000000071bb9000 	C:\Program Files\Java\jdk1.8.0_60\jre\bin\server\jvm.dll
0x00007ffceaeb0000 - 0x00007ffceaeb9000 	C:\Windows\SYSTEM32\WSOCK32.dll
0x00007ffcfb230000 - 0x00007ffcfb252000 	C:\Windows\SYSTEM32\WINMM.dll
0x00007ffcfb690000 - 0x00007ffcfb69a000 	C:\Windows\SYSTEM32\VERSION.dll
0x00007ffcfe7b0000 - 0x00007ffcfe7b7000 	C:\Windows\system32\PSAPI.DLL
0x00007ffcfe9e0000 - 0x00007ffcfea3a000 	C:\Windows\system32\WS2_32.dll
0x00007ffcfb1f0000 - 0x00007ffcfb21a000 	C:\Windows\SYSTEM32\WINMMBASE.dll
0x00007ffcfe4d0000 - 0x00007ffcfe4d9000 	C:\Windows\system32\NSI.dll
0x00007ffcfe250000 - 0x00007ffcfe29f000 	C:\Windows\SYSTEM32\cfgmgr32.dll
0x00007ffcfcd90000 - 0x00007ffcfcdb8000 	C:\Windows\SYSTEM32\DEVOBJ.dll
0x0000000071320000 - 0x000000007132f000 	C:\Program Files\Java\jdk1.8.0_60\jre\bin\verify.dll
0x00000000712f0000 - 0x0000000071319000 	C:\Program Files\Java\jdk1.8.0_60\jre\bin\java.dll
0x00000000712d0000 - 0x00000000712e6000 	C:\Program Files\Java\jdk1.8.0_60\jre\bin\zip.dll

VM Arguments:
jvm_args: -Djava.awt.headless=true -Xmx1024M -Dfile.encoding=windows-1252 -Duser.country=ES -Duser.language=es -Duser.variant 
java_command: com.android.dx.command.Main --dex --num-threads=4 --output C:\Users\Javier\MultiThreadingExample\app\build\intermediates\pre-dexed\debug\com.android.support-appcompat-v7-23.1.1_6f06eaafb493d630de5eadd814847651d7178a0a.jar C:\Users\Javier\MultiThreadingExample\app\build\intermediates\exploded-aar\com.android.support\appcompat-v7\23.1.1\jars\classes.jar
java_class_path (initial): C:\Users\Javier\AppData\Local\Android\sdk\build-tools\23.0.2\lib\dx.jar
Launcher Type: SUN_STANDARD

Environment Variables:
PATH=C:\ProgramData\Oracle\Java\javapath;C:\Program Files (x86)\NVIDIA Corporation\PhysX\Common;C:\Windows\system32;C:\Windows;C:\Windows\System32\Wbem;C:\Windows\System32\WindowsPowerShell\v1.0\;E:\Program Files\Microsoft SQL Server\110\Tools\Binn\;E:\Program Files\Microsoft SQL Server\120\Tools\Binn\;C:\Program Files (x86)\Windows Live\Shared;C:\Users\Javier\Anaconda\Scripts
USERNAME=Javier
OS=Windows_NT
PROCESSOR_IDENTIFIER=Intel64 Family 6 Model 60 Stepping 3, GenuineIntel



---------------  S Y S T E M  ---------------

OS: Windows 8.1 , 64 bit Build 9600 (6.3.9600.17415)

CPU:total 3 (2 cores per cpu, 2 threads per core) family 6 model 60 stepping 3, cmov, cx8, fxsr, mmx, sse, sse2, sse3, ssse3, sse4.1, sse4.2, popcnt, avx, avx2, aes, clmul, erms, lzcnt, ht, tsc, tscinvbit, bmi1, bmi2

Memory: 4k page, physical 7519340k(1181328k free), swap 10591340k(5624k free)

vm_info: Java HotSpot(TM) 64-Bit Server VM (25.60-b23) for windows-amd64 JRE (1.8.0_60-b27), built on Aug  4 2015 11:06:27 by "java_re" with MS VC++ 10.0 (VS2010)

time: Fri Jan 29 13:47:21 2016
elapsed time: 1 seconds (0d 0h 0m 1s)

