#
# There is insufficient memory for the Java Runtime Environment to continue.
# Native memory allocation (malloc) failed to allocate 32744 bytes for ChunkPool::allocate
# Possible reasons:
#   The system is out of physical RAM or swap space
#   In 32 bit mode, the process size limit was hit
# Possible solutions:
#   Reduce memory load on the system
#   Increase physical memory or swap space
#   Check if swap backing store is full
#   Use 64 bit Java on a 64 bit OS
#   Decrease Java heap size (-Xmx/-Xms)
#   Decrease number of Java threads
#   Decrease Java thread stack sizes (-Xss)
#   Set larger code cache with -XX:ReservedCodeCacheSize=
# This output file may be truncated or incomplete.
#
#  Out of Memory Error (allocation.cpp:273), pid=5744, tid=2400
#
# JRE version: Java(TM) SE Runtime Environment (8.0_60-b27) (build 1.8.0_60-b27)
# Java VM: Java HotSpot(TM) 64-Bit Server VM (25.60-b23 mixed mode windows-amd64 compressed oops)
# Failed to write core dump. Minidumps are not enabled by default on client versions of Windows
#

---------------  T H R E A D  ---------------

Current thread (0x0000000014f03800):  JavaThread "C1 CompilerThread1" daemon [_thread_in_native, id=2400, stack(0x00000000164e0000,0x00000000165e0000)]

Stack: [0x00000000164e0000,0x00000000165e0000]
[error occurred during error reporting (printing stack bounds), id 0xc0000005]

Native frames: (J=compiled Java code, j=interpreted, Vv=VM code, C=native code)


Current CompileTask:
C1:    756  497   !   3       com.android.dx.cf.code.BytecodeArray::parseInstruction (2764 bytes)


---------------  P R O C E S S  ---------------

Java Threads: ( => current thread )
  0x0000000016931000 JavaThread "pool-1-thread-4" [_thread_blocked, id=892, stack(0x0000000016fe0000,0x00000000170e0000)]
  0x0000000016930800 JavaThread "pool-1-thread-3" [_thread_blocked, id=10072, stack(0x0000000016ee0000,0x0000000016fe0000)]
  0x000000001692d800 JavaThread "pool-1-thread-2" [_thread_in_vm, id=5144, stack(0x0000000016de0000,0x0000000016ee0000)]
  0x000000001692d000 JavaThread "pool-2-thread-1" [_thread_blocked, id=936, stack(0x0000000016ce0000,0x0000000016de0000)]
  0x0000000016923000 JavaThread "pool-1-thread-1" [_thread_in_Java, id=2604, stack(0x0000000016be0000,0x0000000016ce0000)]
  0x0000000014f06000 JavaThread "Service Thread" daemon [_thread_blocked, id=1692, stack(0x00000000165e0000,0x00000000166e0000)]
=>0x0000000014f03800 JavaThread "C1 CompilerThread1" daemon [_thread_in_native, id=2400, stack(0x00000000164e0000,0x00000000165e0000)]
  0x0000000014eab800 JavaThread "C2 CompilerThread0" daemon [_thread_in_native, id=8716, stack(0x00000000163e0000,0x00000000164e0000)]
  0x0000000014eaa000 JavaThread "Attach Listener" daemon [_thread_blocked, id=9172, stack(0x00000000162e0000,0x00000000163e0000)]
  0x0000000014ea9000 JavaThread "Signal Dispatcher" daemon [_thread_blocked, id=32, stack(0x00000000161e0000,0x00000000162e0000)]
  0x00000000028e5000 JavaThread "Finalizer" daemon [_thread_blocked, id=8096, stack(0x0000000015e00000,0x0000000015f00000)]
  0x00000000028de000 JavaThread "Reference Handler" daemon [_thread_blocked, id=7736, stack(0x0000000015d00000,0x0000000015e00000)]
  0x00000000027f0800 JavaThread "main" [_thread_in_Java, id=9584, stack(0x00000000026e0000,0x00000000027e0000)]

Other Threads:
  0x0000000014e77000 VMThread [stack: 0x0000000015c00000,0x0000000015d00000] [id=4276]
  0x0000000014f14000 WatcherThread [stack: 0x00000000166e0000,0x00000000167e0000] [id=4524]

VM state:not at safepoint (normal execution)

VM Mutex/Monitor currently owned by a thread: None

Heap:
 PSYoungGen      total 34816K, used 12345K [0x00000000eab00000, 0x00000000ed180000, 0x0000000100000000)
  eden space 30208K, 40% used [0x00000000eab00000,0x00000000eb70e4e0,0x00000000ec880000)
  from space 4608K, 0% used [0x00000000ecd00000,0x00000000ecd00000,0x00000000ed180000)
  to   space 4608K, 0% used [0x00000000ec880000,0x00000000ec880000,0x00000000ecd00000)
 ParOldGen       total 79360K, used 0K [0x00000000c0000000, 0x00000000c4d80000, 0x00000000eab00000)
  object space 79360K, 0% used [0x00000000c0000000,0x00000000c0000000,0x00000000c4d80000)
 Metaspace       used 5450K, capacity 6448K, committed 6528K, reserved 1056768K
  class space    used 595K, capacity 616K, committed 640K, reserved 1048576K

Card table byte_map: [0x0000000011cc0000,0x0000000011ed0000] byte_map_base: 0x00000000116c0000

Marking Bits: (ParMarkBitMap*) 0x0000000071b3a5b0
 Begin Bits: [0x0000000012330000, 0x0000000013330000)
 End Bits:   [0x0000000013330000, 0x0000000014330000)

Polling page: 0x0000000000db0000

CodeCache: size=245760Kb used=2113Kb max_used=2124Kb free=243646Kb
 bounds [0x0000000002900000, 0x0000000002b70000, 0x0000000011900000]
 total_blobs=766 nmethods=497 adapters=182
 compilation: enabled

Compilation events (10 events):
Event: 0.751 Thread 0x0000000014f03800 nmethod 493 0x0000000002b0fe90 code [0x0000000002b10000, 0x0000000002b10188]
Event: 0.752 Thread 0x0000000014f03800  495       3       com.android.dx.cf.code.LineNumberList::get (9 bytes)
Event: 0.752 Thread 0x0000000014eab800 nmethod 494 0x0000000002b12e90 code [0x0000000002b12fc0, 0x0000000002b13038]
Event: 0.752 Thread 0x0000000014f03800 nmethod 495 0x0000000002b12990 code [0x0000000002b12b00, 0x0000000002b12de8]
Event: 0.752 Thread 0x0000000014f03800  496       1       com.android.dx.cf.code.ExecutionStack::size (5 bytes)
Event: 0.752 Thread 0x0000000014f03800 nmethod 496 0x0000000002b126d0 code [0x0000000002b12820, 0x0000000002b12930]
Event: 0.752 Thread 0x0000000014f03800  497   !   3       com.android.dx.cf.code.BytecodeArray::parseInstruction (2764 bytes)
Event: 0.752 Thread 0x0000000014eab800  499       4       java.util.ArrayList$Itr::next (66 bytes)
Event: 0.753 Thread 0x0000000014eab800 nmethod 499 0x0000000002b10e10 code [0x0000000002b10f60, 0x0000000002b11078]
Event: 0.754 Thread 0x0000000014eab800  503       4       java.util.HashMap::getNode (148 bytes)

GC Heap History (0 events):
No events

Deoptimization events (0 events):
No events

Internal exceptions (2 events):
Event: 0.044 Thread 0x00000000027f0800 Exception <a 'java/lang/NoSuchMethodError': Method sun.misc.Unsafe.defineClass(Ljava/lang/String;[BII)Ljava/lang/Class; name or signature does not match> (0x00000000eab0d3d8) thrown at [C:\re\workspace\8-2-build-windows-amd64-cygwin\jdk8u60\4407\hotspot\srÌTØ@h¦?
Event: 0.044 Thread 0x00000000027f0800 Exception <a 'java/lang/NoSuchMethodError': Method sun.misc.Unsafe.prefetchRead(Ljava/lang/Object;J)V name or signature does not match> (0x00000000eab0d6c0) thrown at [C:\re\workspace\8-2-build-windows-amd64-cygwin\jdk8u60\4407\hotspot\src\share\vm\prims\j

Events (10 events):
Event: 0.688 loading class com/android/dx/dex/code/StdCatchBuilder
Event: 0.688 loading class com/android/dx/dex/code/StdCatchBuilder done
Event: 0.689 loading class com/android/dx/dex/code/DalvCode
Event: 0.689 loading class com/android/dx/dex/code/DalvCode done
Event: 0.689 loading class java/io/PrintWriter
Event: 0.689 loading class java/io/PrintWriter done
Event: 0.690 loading class com/android/dx/dex/file/DebugInfoItem
Event: 0.690 loading class com/android/dx/dex/file/DebugInfoItem done
Event: 0.750 loading class com/android/dx/cf/code/Ropper$ExceptionHandlerSetup
Event: 0.750 loading class com/android/dx/cf/code/Ropper$ExceptionHandlerSetup done


Dynamic libraries:
0x00007ff6fc960000 - 0x00007ff6fc997000 	C:\Program Files\Java\jdk1.8.0_60\bin\java.exe
0x00007ffd00e50000 - 0x00007ffd00ffc000 	C:\Windows\SYSTEM32\ntdll.dll
0x00007ffd00040000 - 0x00007ffd0017e000 	C:\Windows\system32\KERNEL32.DLL
0x00007ffcf1330000 - 0x00007ffcf1362000 	E:\Program Files (x86)\AVG\Av\avghooka.dll
0x00007ffcfe2a0000 - 0x00007ffcfe3b5000 	C:\Windows\system32\KERNELBASE.dll
0x00007ffcfcb40000 - 0x00007ffcfcbce000 	C:\Windows\system32\apphelp.dll
0x00007ffce63e0000 - 0x00007ffce6433000 	C:\Windows\AppPatch\AppPatch64\AcGenral.DLL
0x00007ffd00400000 - 0x00007ffd004aa000 	C:\Windows\system32\msvcrt.dll
0x00007ffcfde40000 - 0x00007ffcfde6e000 	C:\Windows\SYSTEM32\SspiCli.dll
0x00007ffd00a20000 - 0x00007ffd00a74000 	C:\Windows\system32\SHLWAPI.dll
0x00007ffd00650000 - 0x00007ffd007c7000 	C:\Windows\system32\USER32.dll
0x00007ffd004b0000 - 0x00007ffd00644000 	C:\Windows\system32\ole32.dll
0x00007ffcfeb00000 - 0x00007ffd0002b000 	C:\Windows\system32\SHELL32.dll
0x00007ffcfd5c0000 - 0x00007ffcfd5e1000 	C:\Windows\SYSTEM32\USERENV.dll
0x00007ffcfe5a0000 - 0x00007ffcfe64a000 	C:\Windows\system32\ADVAPI32.dll
0x00007ffceed40000 - 0x00007ffceed5e000 	C:\Windows\SYSTEM32\MPR.dll
0x00007ffd00a80000 - 0x00007ffd00bc1000 	C:\Windows\system32\RPCRT4.dll
0x00007ffd003a0000 - 0x00007ffd003f9000 	C:\Windows\SYSTEM32\sechost.dll
0x00007ffd00800000 - 0x00007ffd00a11000 	C:\Windows\SYSTEM32\combase.dll
0x00007ffcfe890000 - 0x00007ffcfe9e0000 	C:\Windows\system32\GDI32.dll
0x00007ffcfdfa0000 - 0x00007ffcfdfb5000 	C:\Windows\SYSTEM32\profapi.dll
0x00007ffcfc510000 - 0x00007ffcfc5c2000 	C:\Windows\SYSTEM32\SHCORE.dll
0x00007ffd00c30000 - 0x00007ffd00c66000 	C:\Windows\system32\IMM32.DLL
0x00007ffcfe650000 - 0x00007ffcfe7a2000 	C:\Windows\system32\MSCTF.dll
0x00007ffcfc090000 - 0x00007ffcfc30b000 	C:\Windows\WinSxS\amd64_microsoft.windows.common-controls_6595b64144ccf1df_6.0.9600.18006_none_623f33d3ecbe86e8\COMCTL32.dll
0x0000000070eb0000 - 0x0000000070f82000 	C:\Program Files\Java\jdk1.8.0_60\jre\bin\msvcr100.dll
0x0000000071330000 - 0x0000000071bb9000 	C:\Program Files\Java\jdk1.8.0_60\jre\bin\server\jvm.dll
0x00007ffceaeb0000 - 0x00007ffceaeb9000 	C:\Windows\SYSTEM32\WSOCK32.dll
0x00007ffcfb230000 - 0x00007ffcfb252000 	C:\Windows\SYSTEM32\WINMM.dll
0x00007ffcfb690000 - 0x00007ffcfb69a000 	C:\Windows\SYSTEM32\VERSION.dll
0x00007ffcfe7b0000 - 0x00007ffcfe7b7000 	C:\Windows\system32\PSAPI.DLL
0x00007ffcfe9e0000 - 0x00007ffcfea3a000 	C:\Windows\system32\WS2_32.dll
0x00007ffcfb1f0000 - 0x00007ffcfb21a000 	C:\Windows\SYSTEM32\WINMMBASE.dll
0x00007ffcfe4d0000 - 0x00007ffcfe4d9000 	C:\Windows\system32\NSI.dll
0x00007ffcfe250000 - 0x00007ffcfe29f000 	C:\Windows\SYSTEM32\cfgmgr32.dll
0x00007ffcfcd90000 - 0x00007ffcfcdb8000 	C:\Windows\SYSTEM32\DEVOBJ.dll
0x0000000071320000 - 0x000000007132f000 	C:\Program Files\Java\jdk1.8.0_60\jre\bin\verify.dll
0x00000000712f0000 - 0x0000000071319000 	C:\Program Files\Java\jdk1.8.0_60\jre\bin\java.dll
0x00000000712d0000 - 0x00000000712e6000 	C:\Program Files\Java\jdk1.8.0_60\jre\bin\zip.dll

VM Arguments:
jvm_args: -Djava.awt.headless=true -Xmx1024M -Dfile.encoding=windows-1252 -Duser.country=ES -Duser.language=es -Duser.variant 
java_command: com.android.dx.command.Main --dex --num-threads=4 --output C:\Users\Javier\MultiThreadingExample\app\build\intermediates\pre-dexed\debug\butterknife-7.0.1_507b1fcd47294383899f492409392b9f73bbca02.jar C:\Users\Javier\.gradle\caches\modules-2\files-2.1\com.jakewharton\butterknife\7.0.1\d5d13ea991eab0252e3710e5df3d6a9d4b21d461\butterknife-7.0.1.jar
java_class_path (initial): C:\Users\Javier\AppData\Local\Android\sdk\build-tools\23.0.2\lib\dx.jar
Launcher Type: SUN_STANDARD

Environment Variables:
PATH=C:\ProgramData\Oracle\Java\javapath;C:\Program Files (x86)\NVIDIA Corporation\PhysX\Common;C:\Windows\system32;C:\Windows;C:\Windows\System32\Wbem;C:\Windows\System32\WindowsPowerShell\v1.0\;E:\Program Files\Microsoft SQL Server\110\Tools\Binn\;E:\Program Files\Microsoft SQL Server\120\Tools\Binn\;C:\Program Files (x86)\Windows Live\Shared;C:\Users\Javier\Anaconda\Scripts
USERNAME=Javier
OS=Windows_NT
PROCESSOR_IDENTIFIER=Intel64 Family 6 Model 60 Stepping 3, GenuineIntel



---------------  S Y S T E M  ---------------

OS: Windows 8.1 , 64 bit Build 9600 (6.3.9600.17415)

CPU:total 3 (2 cores per cpu, 2 threads per core) family 6 model 60 stepping 3, cmov, cx8, fxsr, mmx, sse, sse2, sse3, ssse3, sse4.1, sse4.2, popcnt, avx, avx2, aes, clmul, erms, lzcnt, ht, tsc, tscinvbit, bmi1, bmi2

Memory: 4k page, physical 7519340k(876284k free), swap 10591340k(5116k free)

vm_info: Java HotSpot(TM) 64-Bit Server VM (25.60-b23) for windows-amd64 JRE (1.8.0_60-b27), built on Aug  4 2015 11:06:27 by "java_re" with MS VC++ 10.0 (VS2010)

time: Fri Jan 29 13:49:33 2016
elapsed time: 0 seconds (0d 0h 0m 0s)

