#
# There is insufficient memory for the Java Runtime Environment to continue.
# Native memory allocation (malloc) failed to allocate 32744 bytes for ChunkPool::allocate
# Possible reasons:
#   The system is out of physical RAM or swap space
#   In 32 bit mode, the process size limit was hit
# Possible solutions:
#   Reduce memory load on the system
#   Increase physical memory or swap space
#   Check if swap backing store is full
#   Use 64 bit Java on a 64 bit OS
#   Decrease Java heap size (-Xmx/-Xms)
#   Decrease number of Java threads
#   Decrease Java thread stack sizes (-Xss)
#   Set larger code cache with -XX:ReservedCodeCacheSize=
# This output file may be truncated or incomplete.
#
#  Out of Memory Error (allocation.cpp:273), pid=4128, tid=7020
#
# JRE version: Java(TM) SE Runtime Environment (8.0_60-b27) (build 1.8.0_60-b27)
# Java VM: Java HotSpot(TM) 64-Bit Server VM (25.60-b23 mixed mode windows-amd64 compressed oops)
# Failed to write core dump. Minidumps are not enabled by default on client versions of Windows
#

---------------  T H R E A D  ---------------

Current thread (0x00000000150b5800):  JavaThread "C2 CompilerThread0" daemon [_thread_in_native, id=7020, stack(0x00000000165c0000,0x00000000166c0000)]

Stack: [0x00000000165c0000,0x00000000166c0000]
[error occurred during error reporting (printing stack bounds), id 0xc0000005]

Native frames: (J=compiled Java code, j=interpreted, Vv=VM code, C=native code)


Current CompileTask:
C2:   2452 1469   !   4       com.android.dx.cf.code.BytecodeArray::parseInstruction (2764 bytes)


---------------  P R O C E S S  ---------------

Java Threads: ( => current thread )
  0x0000000016c0f800 JavaThread "pool-1-thread-4" [_thread_in_Java, id=10028, stack(0x00000000171c0000,0x00000000172c0000)]
  0x0000000016c0b000 JavaThread "pool-1-thread-3" [_thread_in_Java, id=6812, stack(0x00000000170c0000,0x00000000171c0000)]
  0x0000000016bfc800 JavaThread "pool-1-thread-2" [_thread_blocked, id=8232, stack(0x0000000016fc0000,0x00000000170c0000)]
  0x0000000016bf9800 JavaThread "pool-2-thread-1" [_thread_blocked, id=10120, stack(0x0000000016ec0000,0x0000000016fc0000)]
  0x0000000016bf6800 JavaThread "pool-1-thread-1" [_thread_in_Java, id=8056, stack(0x0000000016dc0000,0x0000000016ec0000)]
  0x0000000015114800 JavaThread "Service Thread" daemon [_thread_blocked, id=504, stack(0x00000000167c0000,0x00000000168c0000)]
  0x0000000015103000 JavaThread "C1 CompilerThread1" daemon [_thread_blocked, id=6108, stack(0x00000000166c0000,0x00000000167c0000)]
=>0x00000000150b5800 JavaThread "C2 CompilerThread0" daemon [_thread_in_native, id=7020, stack(0x00000000165c0000,0x00000000166c0000)]
  0x00000000150b3800 JavaThread "Attach Listener" daemon [_thread_blocked, id=9452, stack(0x00000000164c0000,0x00000000165c0000)]
  0x00000000150b2800 JavaThread "Signal Dispatcher" daemon [_thread_blocked, id=9232, stack(0x00000000163c0000,0x00000000164c0000)]
  0x0000000002af3800 JavaThread "Finalizer" daemon [_thread_blocked, id=9276, stack(0x0000000015ff0000,0x00000000160f0000)]
  0x0000000002aec800 JavaThread "Reference Handler" daemon [_thread_blocked, id=3876, stack(0x0000000015ef0000,0x0000000015ff0000)]
  0x0000000002a00800 JavaThread "main" [_thread_blocked, id=6520, stack(0x0000000002900000,0x0000000002a00000)]

Other Threads:
  0x0000000015077000 VMThread [stack: 0x0000000015df0000,0x0000000015ef0000] [id=9644]
  0x000000001510e000 WatcherThread [stack: 0x00000000168c0000,0x00000000169c0000] [id=9860]

VM state:not at safepoint (normal execution)

VM Mutex/Monitor currently owned by a thread: None

Heap:
 PSYoungGen      total 34816K, used 7300K [0x00000000eab00000, 0x00000000ed180000, 0x0000000100000000)
  eden space 30208K, 8% used [0x00000000eab00000,0x00000000eada18f8,0x00000000ec880000)
  from space 4608K, 99% used [0x00000000ecd00000,0x00000000ed17f8a0,0x00000000ed180000)
  to   space 4608K, 0% used [0x00000000ec880000,0x00000000ec880000,0x00000000ecd00000)
 ParOldGen       total 79360K, used 13515K [0x00000000c0000000, 0x00000000c4d80000, 0x00000000eab00000)
  object space 79360K, 17% used [0x00000000c0000000,0x00000000c0d32fa8,0x00000000c4d80000)
 Metaspace       used 6264K, capacity 7152K, committed 7296K, reserved 1056768K
  class space    used 604K, capacity 616K, committed 640K, reserved 1048576K

Card table byte_map: [0x0000000011ec0000,0x00000000120d0000] byte_map_base: 0x00000000118c0000

Marking Bits: (ParMarkBitMap*) 0x000000005f42a5b0
 Begin Bits: [0x0000000012530000, 0x0000000013530000)
 End Bits:   [0x0000000013530000, 0x0000000014530000)

Polling page: 0x0000000002850000

CodeCache: size=245760Kb used=6337Kb max_used=6337Kb free=239422Kb
 bounds [0x0000000002b00000, 0x0000000003140000, 0x0000000011b00000]
 total_blobs=1870 nmethods=1601 adapters=182
 compilation: enabled

Compilation events (10 events):
Event: 2.447 Thread 0x0000000015103000 1617       2       java.lang.ref.Finalizer::hasBeenFinalized (14 bytes)
Event: 2.447 Thread 0x0000000015103000 nmethod 1617 0x00000000031329d0 code [0x0000000003132b20, 0x0000000003132c90]
Event: 2.447 Thread 0x0000000015103000 1618   !   2       java.lang.ref.Finalizer::remove (94 bytes)
Event: 2.447 Thread 0x0000000015103000 nmethod 1618 0x0000000003132d10 code [0x0000000003132e80, 0x0000000003133270]
Event: 2.447 Thread 0x0000000015103000 1619       2       java.lang.System$2::invokeFinalize (5 bytes)
Event: 2.447 Thread 0x0000000015103000 nmethod 1619 0x00000000031333d0 code [0x0000000003133540, 0x00000000031336c8]
Event: 2.447 Thread 0x0000000015103000 1620       2       java.lang.ref.Reference::clear (6 bytes)
Event: 2.447 Thread 0x0000000015103000 nmethod 1620 0x0000000003133750 code [0x00000000031338a0, 0x0000000003133a10]
Event: 2.450 Thread 0x0000000015103000 1621       2       com.android.dx.util.IntList::binarysearch (124 bytes)
Event: 2.451 Thread 0x0000000015103000 nmethod 1621 0x0000000003133a90 code [0x0000000003133c00, 0x0000000003133f10]

GC Heap History (8 events):
Event: 1.501 GC heap before
{Heap before GC invocations=1 (full 0):
 PSYoungGen      total 34816K, used 30208K [0x00000000eab00000, 0x00000000ed180000, 0x0000000100000000)
  eden space 30208K, 100% used [0x00000000eab00000,0x00000000ec880000,0x00000000ec880000)
  from space 4608K, 0% used [0x00000000ecd00000,0x00000000ecd00000,0x00000000ed180000)
  to   space 4608K, 0% used [0x00000000ec880000,0x00000000ec880000,0x00000000ecd00000)
 ParOldGen       total 79360K, used 0K [0x00000000c0000000, 0x00000000c4d80000, 0x00000000eab00000)
  object space 79360K, 0% used [0x00000000c0000000,0x00000000c0000000,0x00000000c4d80000)
 Metaspace       used 5915K, capacity 6832K, committed 7040K, reserved 1056768K
  class space    used 601K, capacity 616K, committed 640K, reserved 1048576K
Event: 1.510 GC heap after
Heap after GC invocations=1 (full 0):
 PSYoungGen      total 34816K, used 4579K [0x00000000eab00000, 0x00000000ed180000, 0x0000000100000000)
  eden space 30208K, 0% used [0x00000000eab00000,0x00000000eab00000,0x00000000ec880000)
  from space 4608K, 99% used [0x00000000ec880000,0x00000000eccf8d80,0x00000000ecd00000)
  to   space 4608K, 0% used [0x00000000ecd00000,0x00000000ecd00000,0x00000000ed180000)
 ParOldGen       total 79360K, used 189K [0x00000000c0000000, 0x00000000c4d80000, 0x00000000eab00000)
  object space 79360K, 0% used [0x00000000c0000000,0x00000000c002f7d0,0x00000000c4d80000)
 Metaspace       used 5915K, capacity 6832K, committed 7040K, reserved 1056768K
  class space    used 601K, capacity 616K, committed 640K, reserved 1048576K
}
Event: 2.048 GC heap before
{Heap before GC invocations=2 (full 0):
 PSYoungGen      total 34816K, used 34787K [0x00000000eab00000, 0x00000000ed180000, 0x0000000100000000)
  eden space 30208K, 100% used [0x00000000eab00000,0x00000000ec880000,0x00000000ec880000)
  from space 4608K, 99% used [0x00000000ec880000,0x00000000eccf8d80,0x00000000ecd00000)
  to   space 4608K, 0% used [0x00000000ecd00000,0x00000000ecd00000,0x00000000ed180000)
 ParOldGen       total 79360K, used 189K [0x00000000c0000000, 0x00000000c4d80000, 0x00000000eab00000)
  object space 79360K, 0% used [0x00000000c0000000,0x00000000c002f7d0,0x00000000c4d80000)
 Metaspace       used 6132K, capacity 7024K, committed 7296K, reserved 1056768K
  class space    used 603K, capacity 616K, committed 640K, reserved 1048576K
Event: 2.072 GC heap after
Heap after GC invocations=2 (full 0):
 PSYoungGen      total 34816K, used 4603K [0x00000000eab00000, 0x00000000ed180000, 0x0000000100000000)
  eden space 30208K, 0% used [0x00000000eab00000,0x00000000eab00000,0x00000000ec880000)
  from space 4608K, 99% used [0x00000000ecd00000,0x00000000ed17ef58,0x00000000ed180000)
  to   space 4608K, 0% used [0x00000000ec880000,0x00000000ec880000,0x00000000ecd00000)
 ParOldGen       total 79360K, used 3391K [0x00000000c0000000, 0x00000000c4d80000, 0x00000000eab00000)
  object space 79360K, 4% used [0x00000000c0000000,0x00000000c034fe00,0x00000000c4d80000)
 Metaspace       used 6132K, capacity 7024K, committed 7296K, reserved 1056768K
  class space    used 603K, capacity 616K, committed 640K, reserved 1048576K
}
Event: 2.213 GC heap before
{Heap before GC invocations=3 (full 0):
 PSYoungGen      total 34816K, used 34811K [0x00000000eab00000, 0x00000000ed180000, 0x0000000100000000)
  eden space 30208K, 100% used [0x00000000eab00000,0x00000000ec880000,0x00000000ec880000)
  from space 4608K, 99% used [0x00000000ecd00000,0x00000000ed17ef58,0x00000000ed180000)
  to   space 4608K, 0% used [0x00000000ec880000,0x00000000ec880000,0x00000000ecd00000)
 ParOldGen       total 79360K, used 3391K [0x00000000c0000000, 0x00000000c4d80000, 0x00000000eab00000)
  object space 79360K, 4% used [0x00000000c0000000,0x00000000c034fe00,0x00000000c4d80000)
 Metaspace       used 6204K, capacity 7088K, committed 7296K, reserved 1056768K
  class space    used 604K, capacity 616K, committed 640K, reserved 1048576K
Event: 2.231 GC heap after
Heap after GC invocations=3 (full 0):
 PSYoungGen      total 34816K, used 4603K [0x00000000eab00000, 0x00000000ed180000, 0x0000000100000000)
  eden space 30208K, 0% used [0x00000000eab00000,0x00000000eab00000,0x00000000ec880000)
  from space 4608K, 99% used [0x00000000ec880000,0x00000000eccfef58,0x00000000ecd00000)
  to   space 4608K, 0% used [0x00000000ecd00000,0x00000000ecd00000,0x00000000ed180000)
 ParOldGen       total 79360K, used 8538K [0x00000000c0000000, 0x00000000c4d80000, 0x00000000eab00000)
  object space 79360K, 10% used [0x00000000c0000000,0x00000000c0856948,0x00000000c4d80000)
 Metaspace       used 6204K, capacity 7088K, committed 7296K, reserved 1056768K
  class space    used 604K, capacity 616K, committed 640K, reserved 1048576K
}
Event: 2.395 GC heap before
{Heap before GC invocations=4 (full 0):
 PSYoungGen      total 34816K, used 34811K [0x00000000eab00000, 0x00000000ed180000, 0x0000000100000000)
  eden space 30208K, 100% used [0x00000000eab00000,0x00000000ec880000,0x00000000ec880000)
  from space 4608K, 99% used [0x00000000ec880000,0x00000000eccfef58,0x00000000ecd00000)
  to   space 4608K, 0% used [0x00000000ecd00000,0x00000000ecd00000,0x00000000ed180000)
 ParOldGen       total 79360K, used 8538K [0x00000000c0000000, 0x00000000c4d80000, 0x00000000eab00000)
  object space 79360K, 10% used [0x00000000c0000000,0x00000000c0856948,0x00000000c4d80000)
 Metaspace       used 6264K, capacity 7152K, committed 7296K, reserved 1056768K
  class space    used 604K, capacity 616K, committed 640K, reserved 1048576K
Event: 2.445 GC heap after
Heap after GC invocations=4 (full 0):
 PSYoungGen      total 34816K, used 4606K [0x00000000eab00000, 0x00000000ed180000, 0x0000000100000000)
  eden space 30208K, 0% used [0x00000000eab00000,0x00000000eab00000,0x00000000ec880000)
  from space 4608K, 99% used [0x00000000ecd00000,0x00000000ed17f8a0,0x00000000ed180000)
  to   space 4608K, 0% used [0x00000000ec880000,0x00000000ec880000,0x00000000ecd00000)
 ParOldGen       total 79360K, used 13515K [0x00000000c0000000, 0x00000000c4d80000, 0x00000000eab00000)
  object space 79360K, 17% used [0x00000000c0000000,0x00000000c0d32fa8,0x00000000c4d80000)
 Metaspace       used 6264K, capacity 7152K, committed 7296K, reserved 1056768K
  class space    used 604K, capacity 616K, committed 640K, reserved 1048576K
}

Deoptimization events (10 events):
Event: 2.137 Thread 0x0000000002a00800 Uncommon trap: reason=unstable_if action=reinterpret pc=0x0000000002fd2f1c method=com.android.dx.ssa.SsaMethod.updateOneDefinition(Lcom/android/dx/ssa/SsaInsn;Lcom/android/dx/rop/code/RegisterSpec;)V @ 4
Event: 2.143 Thread 0x0000000016c0b000 Uncommon trap: reason=bimorphic action=maybe_recompile pc=0x0000000002f57a90 method=java.util.HashMap.getNode(ILjava/lang/Object;)Ljava/util/HashMap$Node; @ 126
Event: 2.143 Thread 0x0000000016c0b000 Uncommon trap: reason=class_check action=maybe_recompile pc=0x0000000002fc5144 method=java.util.HashMap.putVal(ILjava/lang/Object;Ljava/lang/Object;ZZ)Ljava/lang/Object; @ 203
Event: 2.143 Thread 0x0000000016c0b000 Uncommon trap: reason=bimorphic action=maybe_recompile pc=0x0000000002f57a90 method=java.util.HashMap.getNode(ILjava/lang/Object;)Ljava/util/HashMap$Node; @ 126
Event: 2.143 Thread 0x0000000016c0b000 Uncommon trap: reason=class_check action=maybe_recompile pc=0x0000000002fc5144 method=java.util.HashMap.putVal(ILjava/lang/Object;Ljava/lang/Object;ZZ)Ljava/lang/Object; @ 203
Event: 2.143 Thread 0x0000000016c0b000 Uncommon trap: reason=bimorphic action=maybe_recompile pc=0x0000000002f57a90 method=java.util.HashMap.getNode(ILjava/lang/Object;)Ljava/util/HashMap$Node; @ 126
Event: 2.143 Thread 0x0000000016c0b000 Uncommon trap: reason=bimorphic action=maybe_recompile pc=0x0000000002f57a90 method=java.util.HashMap.getNode(ILjava/lang/Object;)Ljava/util/HashMap$Node; @ 126
Event: 2.143 Thread 0x0000000016c0b000 Uncommon trap: reason=class_check action=maybe_recompile pc=0x0000000002fd25c8 method=java.util.HashMap.putVal(ILjava/lang/Object;Ljava/lang/Object;ZZ)Ljava/lang/Object; @ 203
Event: 2.204 Thread 0x0000000016c0f800 Uncommon trap: reason=unstable_if action=reinterpret pc=0x0000000003108098 method=com.android.dx.ssa.SsaRenamer$BlockRenamer.visitMoveInsn(Lcom/android/dx/ssa/NormalSsaInsn;)V @ 104
Event: 2.450 Thread 0x0000000016c0f800 Uncommon trap: reason=unstable_if action=reinterpret pc=0x000000000300f77c method=com.android.dx.util.IntList.binarysearch(I)I @ 105

Internal exceptions (4 events):
Event: 0.278 Thread 0x0000000002a00800 Exception <a 'java/lang/NoSuchMethodError': Method sun.misc.Unsafe.defineClass(Ljava/lang/String;[BII)Ljava/lang/Class; name or signature does not match> (0x00000000eab0d548) thrown at [C:\re\workspace\8-2-build-windows-amd64-cygwin\jdk8u60\4407\hotspot\sr
É´ÐÑ?
Event: 0.278 Thread 0x0000000002a00800 Exception <a 'java/lang/NoSuchMethodError': Method sun.misc.Unsafe.prefetchRead(Ljava/lang/Object;J)V name or signature does not match> (0x00000000eab0d830) thrown at [C:\re\workspace\8-2-build-windows-amd64-cygwin\jdk8u60\4407\hotspot\src\share\vm\prims\jÎ7]‹f[÷?
Event: 1.460 Thread 0x0000000002a00800 Implicit null exception at 0x0000000002e60d22 to 0x0000000002e60e29
Event: 2.035 Thread 0x0000000002a00800 Implicit null exception at 0x0000000002e353d5 to 0x0000000002e374f9

Events (10 events):
Event: 2.204 Thread 0x0000000016c0f800 Uncommon trap: trap_request=0xffffff65 fr.pc=0x0000000003108098
Event: 2.204 Thread 0x0000000016c0f800 DEOPT PACKING pc=0x0000000003108098 sp=0x00000000172be780
Event: 2.204 Thread 0x0000000016c0f800 DEOPT UNPACKING pc=0x0000000002b4582a sp=0x00000000172be668 mode 2
Event: 2.212 Executing VM operation: ParallelGCFailedAllocation
Event: 2.231 Executing VM operation: ParallelGCFailedAllocation done
Event: 2.393 Executing VM operation: ParallelGCFailedAllocation
Event: 2.445 Executing VM operation: ParallelGCFailedAllocation done
Event: 2.450 Thread 0x0000000016c0f800 Uncommon trap: trap_request=0xffffff65 fr.pc=0x000000000300f77c
Event: 2.450 Thread 0x0000000016c0f800 DEOPT PACKING pc=0x000000000300f77c sp=0x00000000172be7d0
Event: 2.450 Thread 0x0000000016c0f800 DEOPT UNPACKING pc=0x0000000002b4582a sp=0x00000000172be748 mode 2


Dynamic libraries:
0x00007ff6899f0000 - 0x00007ff689a27000 	C:\Program Files\Java\jdk1.8.0_60\bin\java.exe
0x00007fffa8140000 - 0x00007fffa82ed000 	C:\Windows\SYSTEM32\ntdll.dll
0x00007fffa5920000 - 0x00007fffa5a5e000 	C:\Windows\system32\KERNEL32.DLL
0x00007fff981d0000 - 0x00007fff98202000 	E:\Program Files (x86)\AVG\Av\avghooka.dll
0x00007fffa5650000 - 0x00007fffa5765000 	C:\Windows\system32\KERNELBASE.dll
0x00007fffa3e30000 - 0x00007fffa3ebe000 	C:\Windows\system32\apphelp.dll
0x00007fff922c0000 - 0x00007fff92313000 	C:\Windows\AppPatch\AppPatch64\AcGenral.DLL
0x00007fffa6730000 - 0x00007fffa67da000 	C:\Windows\system32\msvcrt.dll
0x00007fffa5130000 - 0x00007fffa515e000 	C:\Windows\SYSTEM32\SspiCli.dll
0x00007fffa6530000 - 0x00007fffa6584000 	C:\Windows\system32\SHLWAPI.dll
0x00007fffa6000000 - 0x00007fffa6177000 	C:\Windows\system32\USER32.dll
0x00007fffa6590000 - 0x00007fffa6724000 	C:\Windows\system32\ole32.dll
0x00007fffa67e0000 - 0x00007fffa7d0a000 	C:\Windows\system32\SHELL32.dll
0x00007fffa4a20000 - 0x00007fffa4a41000 	C:\Windows\SYSTEM32\USERENV.dll
0x00007fffa6180000 - 0x00007fffa622a000 	C:\Windows\system32\ADVAPI32.dll
0x00007fff97460000 - 0x00007fff9747e000 	C:\Windows\SYSTEM32\MPR.dll
0x00007fffa6240000 - 0x00007fffa6381000 	C:\Windows\system32\RPCRT4.dll
0x00007fffa6410000 - 0x00007fffa6469000 	C:\Windows\SYSTEM32\sechost.dll
0x0000000000ea0000 - 0x00000000010b1000 	C:\Windows\SYSTEM32\combase.dll
0x00007fffa7d10000 - 0x00007fffa7e60000 	C:\Windows\system32\GDI32.dll
0x00007fffa5290000 - 0x00007fffa52a5000 	C:\Windows\SYSTEM32\profapi.dll
0x00007fffa3800000 - 0x00007fffa38b2000 	C:\Windows\SYSTEM32\SHCORE.dll
0x00007fffa5ef0000 - 0x00007fffa5f26000 	C:\Windows\system32\IMM32.DLL
0x00007fffa57c0000 - 0x00007fffa5912000 	C:\Windows\system32\MSCTF.dll
0x00007fffa3380000 - 0x00007fffa35fb000 	C:\Windows\WinSxS\amd64_microsoft.windows.common-controls_6595b64144ccf1df_6.0.9600.18006_none_623f33d3ecbe86e8\COMCTL32.dll
0x000000005e930000 - 0x000000005ea02000 	C:\Program Files\Java\jdk1.8.0_60\jre\bin\msvcr100.dll
0x000000005ec20000 - 0x000000005f4a9000 	C:\Program Files\Java\jdk1.8.0_60\jre\bin\server\jvm.dll
0x00007fffa3050000 - 0x00007fffa3059000 	C:\Windows\SYSTEM32\WSOCK32.dll
0x00007fffa2520000 - 0x00007fffa2542000 	C:\Windows\SYSTEM32\WINMM.dll
0x00007fffa2980000 - 0x00007fffa298a000 	C:\Windows\SYSTEM32\VERSION.dll
0x00007fffa5ff0000 - 0x00007fffa5ff7000 	C:\Windows\system32\PSAPI.DLL
0x00007fffa7ec0000 - 0x00007fffa7f1a000 	C:\Windows\system32\WS2_32.dll
0x00007fffa24e0000 - 0x00007fffa250a000 	C:\Windows\SYSTEM32\WINMMBASE.dll
0x00007fffa6390000 - 0x00007fffa6399000 	C:\Windows\system32\NSI.dll
0x00007fffa5770000 - 0x00007fffa57bf000 	C:\Windows\SYSTEM32\cfgmgr32.dll
0x00007fffa4080000 - 0x00007fffa40a8000 	C:\Windows\SYSTEM32\DEVOBJ.dll
0x000000005fa40000 - 0x000000005fa4f000 	C:\Program Files\Java\jdk1.8.0_60\jre\bin\verify.dll
0x000000005fa10000 - 0x000000005fa39000 	C:\Program Files\Java\jdk1.8.0_60\jre\bin\java.dll
0x000000005f9f0000 - 0x000000005fa06000 	C:\Program Files\Java\jdk1.8.0_60\jre\bin\zip.dll

VM Arguments:
jvm_args: -Djava.awt.headless=true -Xmx1024M -Dfile.encoding=windows-1252 -Duser.country=ES -Duser.language=es -Duser.variant 
java_command: com.android.dx.command.Main --dex --num-threads=4 --output C:\Users\Javier\Desktop\AppDivisas\app\build\intermediates\pre-dexed\debug\com.android.support-support-v4-23.1.1_c9221dee4f8fce0ff5f093b55b33f62d1f54ad11.jar C:\Users\Javier\Desktop\AppDivisas\app\build\intermediates\exploded-aar\com.android.support\support-v4\23.1.1\jars\classes.jar
java_class_path (initial): C:\Users\Javier\AppData\Local\Android\sdk\build-tools\23.0.2\lib\dx.jar
Launcher Type: SUN_STANDARD

Environment Variables:
PATH=C:\ProgramData\Oracle\Java\javapath;C:\Program Files (x86)\NVIDIA Corporation\PhysX\Common;C:\Windows\system32;C:\Windows;C:\Windows\System32\Wbem;C:\Windows\System32\WindowsPowerShell\v1.0\;E:\Program Files\Microsoft SQL Server\110\Tools\Binn\;E:\Program Files\Microsoft SQL Server\120\Tools\Binn\;C:\Program Files (x86)\Windows Live\Shared;C:\Users\Javier\Anaconda\Scripts
USERNAME=Javier
OS=Windows_NT
PROCESSOR_IDENTIFIER=Intel64 Family 6 Model 60 Stepping 3, GenuineIntel



---------------  S Y S T E M  ---------------

OS: Windows 8.1 , 64 bit Build 9600 (6.3.9600.17415)

CPU:total 3 (2 cores per cpu, 2 threads per core) family 6 model 60 stepping 3, cmov, cx8, fxsr, mmx, sse, sse2, sse3, ssse3, sse4.1, sse4.2, popcnt, avx, avx2, aes, clmul, erms, lzcnt, ht, tsc, tscinvbit, bmi1, bmi2

Memory: 4k page, physical 7519340k(1207576k free), swap 10591340k(5124k free)

vm_info: Java HotSpot(TM) 64-Bit Server VM (25.60-b23) for windows-amd64 JRE (1.8.0_60-b27), built on Aug  4 2015 11:06:27 by "java_re" with MS VC++ 10.0 (VS2010)

time: Tue Feb 23 20:29:18 2016
elapsed time: 2 seconds (0d 0h 0m 2s)

