#
# There is insufficient memory for the Java Runtime Environment to continue.
# Native memory allocation (malloc) failed to allocate 500416 bytes for Chunk::new
# Possible reasons:
#   The system is out of physical RAM or swap space
#   In 32 bit mode, the process size limit was hit
# Possible solutions:
#   Reduce memory load on the system
#   Increase physical memory or swap space
#   Check if swap backing store is full
#   Use 64 bit Java on a 64 bit OS
#   Decrease Java heap size (-Xmx/-Xms)
#   Decrease number of Java threads
#   Decrease Java thread stack sizes (-Xss)
#   Set larger code cache with -XX:ReservedCodeCacheSize=
# This output file may be truncated or incomplete.
#
#  Out of Memory Error (allocation.cpp:390), pid=1412, tid=3024
#
# JRE version: Java(TM) SE Runtime Environment (8.0_60-b27) (build 1.8.0_60-b27)
# Java VM: Java HotSpot(TM) 64-Bit Server VM (25.60-b23 mixed mode windows-amd64 compressed oops)
# Failed to write core dump. Minidumps are not enabled by default on client versions of Windows
#

---------------  T H R E A D  ---------------

Current thread (0x00000000146f7800):  JavaThread "C2 CompilerThread0" daemon [_thread_in_native, id=3024, stack(0x0000000015c20000,0x0000000015d20000)]

Stack: [0x0000000015c20000,0x0000000015d20000]
[error occurred during error reporting (printing stack bounds), id 0xc0000005]

Native frames: (J=compiled Java code, j=interpreted, Vv=VM code, C=native code)


Current CompileTask:
C2:    505  847       4       com.android.dx.merge.DexMerger::transformDebugInfoItem (313 bytes)


---------------  P R O C E S S  ---------------

Java Threads: ( => current thread )
  0x0000000014766800 JavaThread "Service Thread" daemon [_thread_blocked, id=5204, stack(0x0000000015e20000,0x0000000015f20000)]
  0x00000000146fa800 JavaThread "C1 CompilerThread1" daemon [_thread_blocked, id=10088, stack(0x0000000015d20000,0x0000000015e20000)]
=>0x00000000146f7800 JavaThread "C2 CompilerThread0" daemon [_thread_in_native, id=3024, stack(0x0000000015c20000,0x0000000015d20000)]
  0x0000000014705000 JavaThread "Attach Listener" daemon [_thread_blocked, id=6176, stack(0x0000000015b20000,0x0000000015c20000)]
  0x0000000014703800 JavaThread "Signal Dispatcher" daemon [_thread_blocked, id=6012, stack(0x0000000015a20000,0x0000000015b20000)]
  0x0000000002053800 JavaThread "Finalizer" daemon [_thread_blocked, id=9324, stack(0x0000000015650000,0x0000000015750000)]
  0x000000000204d000 JavaThread "Reference Handler" daemon [_thread_blocked, id=7464, stack(0x0000000015550000,0x0000000015650000)]
  0x0000000001f60800 JavaThread "main" [_thread_in_Java, id=4988, stack(0x0000000001df0000,0x0000000001ef0000)]

Other Threads:
  0x00000000146c7000 VMThread [stack: 0x0000000015450000,0x0000000015550000] [id=1664]
  0x0000000014775800 WatcherThread [stack: 0x0000000016320000,0x0000000016420000] [id=7144]

VM state:not at safepoint (normal execution)

VM Mutex/Monitor currently owned by a thread: None

Heap:
 PSYoungGen      total 34816K, used 17225K [0x00000000eab00000, 0x00000000ed180000, 0x0000000100000000)
  eden space 30208K, 41% used [0x00000000eab00000,0x00000000eb7570e8,0x00000000ec880000)
  from space 4608K, 99% used [0x00000000ec880000,0x00000000eccfb4a8,0x00000000ecd00000)
  to   space 4608K, 0% used [0x00000000ecd00000,0x00000000ecd00000,0x00000000ed180000)
 ParOldGen       total 79360K, used 1472K [0x00000000c0000000, 0x00000000c4d80000, 0x00000000eab00000)
  object space 79360K, 1% used [0x00000000c0000000,0x00000000c01701e8,0x00000000c4d80000)
 Metaspace       used 4371K, capacity 5424K, committed 5632K, reserved 1056768K
  class space    used 471K, capacity 488K, committed 512K, reserved 1048576K

Card table byte_map: [0x0000000011510000,0x0000000011720000] byte_map_base: 0x0000000010f10000

Marking Bits: (ParMarkBitMap*) 0x000000005f42a5b0
 Begin Bits: [0x0000000011b80000, 0x0000000012b80000)
 End Bits:   [0x0000000012b80000, 0x0000000013b80000)

Polling page: 0x0000000000630000

CodeCache: size=245760Kb used=2722Kb max_used=2722Kb free=243037Kb
 bounds [0x0000000002150000, 0x0000000002400000, 0x0000000011150000]
 total_blobs=1116 nmethods=854 adapters=175
 compilation: enabled

Compilation events (10 events):
Event: 0.502 Thread 0x00000000146fa800  859       2       com.android.dex.Code$CatchHandler::<init> (26 bytes)
Event: 0.502 Thread 0x00000000146fa800 nmethod 859 0x00000000023f6950 code [0x00000000023f6aa0, 0x00000000023f6c30]
Event: 0.503 Thread 0x00000000146fa800  860       2       com.android.dx.io.instructions.InstructionCodec$7::decode (50 bytes)
Event: 0.504 Thread 0x00000000146fa800 nmethod 860 0x00000000023f6090 code [0x00000000023f6220, 0x00000000023f65d8]
Event: 0.504 Thread 0x00000000146fa800  862       2       com.android.dex.Dex$Section::findCatchHandlerIndex (38 bytes)
Event: 0.504 Thread 0x00000000146fa800 nmethod 862 0x00000000023f9ed0 code [0x00000000023fa040, 0x00000000023fa2a8]
Event: 0.504 Thread 0x00000000146fa800  863       2       com.android.dex.Code$Try::<init> (20 bytes)
Event: 0.504 Thread 0x00000000146fa800 nmethod 863 0x00000000023fa450 code [0x00000000023fa5a0, 0x00000000023fa6f0]
Event: 0.504 Thread 0x00000000146fa800  861       2       com.android.dx.io.instructions.InstructionCodec$7::encode (23 bytes)
Event: 0.504 Thread 0x00000000146fa800 nmethod 861 0x00000000023fa790 code [0x00000000023fa900, 0x00000000023fab68]

GC Heap History (2 events):
Event: 0.422 GC heap before
{Heap before GC invocations=1 (full 0):
 PSYoungGen      total 34816K, used 30208K [0x00000000eab00000, 0x00000000ed180000, 0x0000000100000000)
  eden space 30208K, 100% used [0x00000000eab00000,0x00000000ec880000,0x00000000ec880000)
  from space 4608K, 0% used [0x00000000ecd00000,0x00000000ecd00000,0x00000000ed180000)
  to   space 4608K, 0% used [0x00000000ec880000,0x00000000ec880000,0x00000000ecd00000)
 ParOldGen       total 79360K, used 0K [0x00000000c0000000, 0x00000000c4d80000, 0x00000000eab00000)
  object space 79360K, 0% used [0x00000000c0000000,0x00000000c0000000,0x00000000c4d80000)
 Metaspace       used 4240K, capacity 5296K, committed 5376K, reserved 1056768K
  class space    used 465K, capacity 488K, committed 512K, reserved 1048576K
Event: 0.427 GC heap after
Heap after GC invocations=1 (full 0):
 PSYoungGen      total 34816K, used 4589K [0x00000000eab00000, 0x00000000ed180000, 0x0000000100000000)
  eden space 30208K, 0% used [0x00000000eab00000,0x00000000eab00000,0x00000000ec880000)
  from space 4608K, 99% used [0x00000000ec880000,0x00000000eccfb4a8,0x00000000ecd00000)
  to   space 4608K, 0% used [0x00000000ecd00000,0x00000000ecd00000,0x00000000ed180000)
 ParOldGen       total 79360K, used 1472K [0x00000000c0000000, 0x00000000c4d80000, 0x00000000eab00000)
  object space 79360K, 1% used [0x00000000c0000000,0x00000000c01701e8,0x00000000c4d80000)
 Metaspace       used 4240K, capacity 5296K, committed 5376K, reserved 1056768K
  class space    used 465K, capacity 488K, committed 512K, reserved 1048576K
}

Deoptimization events (10 events):
Event: 0.247 Thread 0x0000000001f60800 Uncommon trap: reason=class_check action=maybe_recompile pc=0x00000000022e8248 method=java.util.TreeMap.put(Ljava/lang/Object;Ljava/lang/Object;)Ljava/lang/Object; @ 127
Event: 0.265 Thread 0x0000000001f60800 Uncommon trap: reason=predicate action=maybe_recompile pc=0x00000000022f4144 method=java.util.TreeMap.getEntry(Ljava/lang/Object;)Ljava/util/TreeMap$Entry; @ 39
Event: 0.271 Thread 0x0000000001f60800 Uncommon trap: reason=predicate action=maybe_recompile pc=0x00000000023033e8 method=java.util.TreeMap.put(Ljava/lang/Object;Ljava/lang/Object;)Ljava/lang/Object; @ 132
Event: 0.346 Thread 0x0000000001f60800 Uncommon trap: reason=class_check action=maybe_recompile pc=0x00000000022efcb0 method=com.android.dex.Leb128.readUnsignedLeb128(Lcom/android/dex/util/ByteInput;)I @ 5
Event: 0.346 Thread 0x0000000001f60800 Uncommon trap: reason=class_check action=maybe_recompile pc=0x00000000022efcb0 method=com.android.dex.Leb128.readUnsignedLeb128(Lcom/android/dex/util/ByteInput;)I @ 5
Event: 0.346 Thread 0x0000000001f60800 Uncommon trap: reason=class_check action=maybe_recompile pc=0x00000000022efcb0 method=com.android.dex.Leb128.readUnsignedLeb128(Lcom/android/dex/util/ByteInput;)I @ 5
Event: 0.346 Thread 0x0000000001f60800 Uncommon trap: reason=class_check action=maybe_recompile pc=0x00000000022efcb0 method=com.android.dex.Leb128.readUnsignedLeb128(Lcom/android/dex/util/ByteInput;)I @ 5
Event: 0.434 Thread 0x0000000001f60800 Uncommon trap: reason=unstable_if action=reinterpret pc=0x000000000234dab4 method=com.android.dx.merge.IndexMap.adjustString(I)I @ 2
Event: 0.434 Thread 0x0000000001f60800 Uncommon trap: reason=unstable_if action=reinterpret pc=0x000000000236993c method=java.util.HashMap.getNode(ILjava/lang/Object;)Ljava/util/HashMap$Node; @ 84
Event: 0.435 Thread 0x0000000001f60800 Uncommon trap: reason=unstable_if action=reinterpret pc=0x0000000002362b8c method=java.util.HashMap.getNode(ILjava/lang/Object;)Ljava/util/HashMap$Node; @ 84

Internal exceptions (2 events):
Event: 0.029 Thread 0x0000000001f60800 Exception <a 'java/lang/NoSuchMethodError': Method sun.misc.Unsafe.defineClass(Ljava/lang/String;[BII)Ljava/lang/Class; name or signature does not match> (0x00000000eab0d810) thrown at [C:\re\workspace\8-2-build-windows-amd64-cygwin\jdk8u60\4407\hotspot\sr_¥1`¨ž?
Event: 0.029 Thread 0x0000000001f60800 Exception <a 'java/lang/NoSuchMethodError': Method sun.misc.Unsafe.prefetchRead(Ljava/lang/Object;J)V name or signature does not match> (0x00000000eab0daf8) thrown at [C:\re\workspace\8-2-build-windows-amd64-cygwin\jdk8u60\4407\hotspot\src\share\vm\prims\j

Events (10 events):
Event: 0.435 Thread 0x0000000001f60800 DEOPT PACKING pc=0x0000000002362b8c sp=0x0000000001eeef90
Event: 0.435 Thread 0x0000000001f60800 DEOPT UNPACKING pc=0x000000000219582a sp=0x0000000001eeef20 mode 2
Event: 0.495 loading class com/android/dex/Dex$1
Event: 0.495 loading class com/android/dex/Dex$1 done
Event: 0.499 Thread 0x0000000001f60800 DEOPT PACKING pc=0x00000000023b5689 sp=0x0000000001eeee40
Event: 0.499 Thread 0x0000000001f60800 DEOPT UNPACKING pc=0x000000000219787f sp=0x0000000001eeeb38 mode 0
Event: 0.501 Thread 0x0000000001f60800 DEOPT PACKING pc=0x0000000002392286 sp=0x0000000001eeedf0
Event: 0.501 Thread 0x0000000001f60800 DEOPT UNPACKING pc=0x000000000219787f sp=0x0000000001eeeb10 mode 0
Event: 0.503 Thread 0x0000000001f60800 DEOPT PACKING pc=0x0000000002392286 sp=0x0000000001eeedf0
Event: 0.503 Thread 0x0000000001f60800 DEOPT UNPACKING pc=0x000000000219787f sp=0x0000000001eeeb10 mode 0


Dynamic libraries:
0x00007ff6899f0000 - 0x00007ff689a27000 	C:\Program Files\Java\jdk1.8.0_60\bin\java.exe
0x00007fffa8140000 - 0x00007fffa82ed000 	C:\Windows\SYSTEM32\ntdll.dll
0x00007fffa5920000 - 0x00007fffa5a5e000 	C:\Windows\system32\KERNEL32.DLL
0x00007fff981d0000 - 0x00007fff98202000 	E:\Program Files (x86)\AVG\Av\avghooka.dll
0x00007fffa5650000 - 0x00007fffa5765000 	C:\Windows\system32\KERNELBASE.dll
0x00007fffa3e30000 - 0x00007fffa3ebe000 	C:\Windows\system32\apphelp.dll
0x00007fff922c0000 - 0x00007fff92313000 	C:\Windows\AppPatch\AppPatch64\AcGenral.DLL
0x00007fffa6730000 - 0x00007fffa67da000 	C:\Windows\system32\msvcrt.dll
0x00007fffa5130000 - 0x00007fffa515e000 	C:\Windows\SYSTEM32\SspiCli.dll
0x00007fffa6530000 - 0x00007fffa6584000 	C:\Windows\system32\SHLWAPI.dll
0x00007fffa6000000 - 0x00007fffa6177000 	C:\Windows\system32\USER32.dll
0x00007fffa6590000 - 0x00007fffa6724000 	C:\Windows\system32\ole32.dll
0x00007fffa67e0000 - 0x00007fffa7d0a000 	C:\Windows\system32\SHELL32.dll
0x00007fffa4a20000 - 0x00007fffa4a41000 	C:\Windows\SYSTEM32\USERENV.dll
0x00007fffa6180000 - 0x00007fffa622a000 	C:\Windows\system32\ADVAPI32.dll
0x00007fff97460000 - 0x00007fff9747e000 	C:\Windows\SYSTEM32\MPR.dll
0x00007fffa6240000 - 0x00007fffa6381000 	C:\Windows\system32\RPCRT4.dll
0x00007fffa6410000 - 0x00007fffa6469000 	C:\Windows\SYSTEM32\sechost.dll
0x0000000000400000 - 0x0000000000611000 	C:\Windows\SYSTEM32\combase.dll
0x00007fffa7d10000 - 0x00007fffa7e60000 	C:\Windows\system32\GDI32.dll
0x00007fffa5290000 - 0x00007fffa52a5000 	C:\Windows\SYSTEM32\profapi.dll
0x00007fffa3800000 - 0x00007fffa38b2000 	C:\Windows\SYSTEM32\SHCORE.dll
0x00007fffa5ef0000 - 0x00007fffa5f26000 	C:\Windows\system32\IMM32.DLL
0x00007fffa57c0000 - 0x00007fffa5912000 	C:\Windows\system32\MSCTF.dll
0x00007fffa3380000 - 0x00007fffa35fb000 	C:\Windows\WinSxS\amd64_microsoft.windows.common-controls_6595b64144ccf1df_6.0.9600.18006_none_623f33d3ecbe86e8\COMCTL32.dll
0x000000005e930000 - 0x000000005ea02000 	C:\Program Files\Java\jdk1.8.0_60\jre\bin\msvcr100.dll
0x000000005ec20000 - 0x000000005f4a9000 	C:\Program Files\Java\jdk1.8.0_60\jre\bin\server\jvm.dll
0x00007fffa3050000 - 0x00007fffa3059000 	C:\Windows\SYSTEM32\WSOCK32.dll
0x00007fffa2520000 - 0x00007fffa2542000 	C:\Windows\SYSTEM32\WINMM.dll
0x00007fffa2980000 - 0x00007fffa298a000 	C:\Windows\SYSTEM32\VERSION.dll
0x00007fffa5ff0000 - 0x00007fffa5ff7000 	C:\Windows\system32\PSAPI.DLL
0x00007fffa7ec0000 - 0x00007fffa7f1a000 	C:\Windows\system32\WS2_32.dll
0x00007fffa24e0000 - 0x00007fffa250a000 	C:\Windows\SYSTEM32\WINMMBASE.dll
0x00007fffa6390000 - 0x00007fffa6399000 	C:\Windows\system32\NSI.dll
0x00007fffa5770000 - 0x00007fffa57bf000 	C:\Windows\SYSTEM32\cfgmgr32.dll
0x00007fffa4080000 - 0x00007fffa40a8000 	C:\Windows\SYSTEM32\DEVOBJ.dll
0x000000005fa40000 - 0x000000005fa4f000 	C:\Program Files\Java\jdk1.8.0_60\jre\bin\verify.dll
0x000000005fa10000 - 0x000000005fa39000 	C:\Program Files\Java\jdk1.8.0_60\jre\bin\java.dll
0x000000005f9f0000 - 0x000000005fa06000 	C:\Program Files\Java\jdk1.8.0_60\jre\bin\zip.dll

VM Arguments:
jvm_args: -Djava.awt.headless=true -Xmx1024M -Dfile.encoding=windows-1252 -Duser.country=ES -Duser.language=es -Duser.variant 
java_command: com.android.dx.command.Main --dex --num-threads=4 --output C:\Users\Javier\Desktop\AppDivisas\app\build\intermediates\transforms\dex\debug\folders\1000\1f\main C:\Users\Javier\Desktop\AppDivisas\app\build\intermediates\pre-dexed\debug\support-annotations-23.1.1_a20c95744f3992e3980ddff386b51f26905bb7ef.jar C:\Users\Javier\Desktop\AppDivisas\app\build\intermediates\pre-dexed\debug\debug_a95b747fe4982c58142fc891e02980a2b2265ffa.jar C:\Users\Javier\Desktop\AppDivisas\app\build\intermediates\pre-dexed\debug\internal_impl-23.1.1_860438c5f0dabe67a4c0e0ee4dc3b118ab977178.jar C:\Users\Javier\Desktop\AppDivisas\app\build\intermediates\pre-dexed\debug\com.android.support-appcompat-v7-23.1.1_284b1e3d06dbf7332c4e528794442ed3a8fba2b7.jar C:\Users\Javier\Desktop\AppDivisas\app\build\intermediates\pre-dexed\debug\com.android.support-support-v4-23.1.1_c9221dee4f8fce0ff5f093b55b33f62d1f54ad11.jar
java_class_path (initial): C:\Users\Javier\AppData\Local\Android\sdk\build-tools\23.0.2\lib\dx.jar
Launcher Type: SUN_STANDARD

Environment Variables:
PATH=C:\ProgramData\Oracle\Java\javapath;C:\Program Files (x86)\NVIDIA Corporation\PhysX\Common;C:\Windows\system32;C:\Windows;C:\Windows\System32\Wbem;C:\Windows\System32\WindowsPowerShell\v1.0\;E:\Program Files\Microsoft SQL Server\110\Tools\Binn\;E:\Program Files\Microsoft SQL Server\120\Tools\Binn\;C:\Program Files (x86)\Windows Live\Shared;C:\Users\Javier\Anaconda\Scripts
USERNAME=Javier
OS=Windows_NT
PROCESSOR_IDENTIFIER=Intel64 Family 6 Model 60 Stepping 3, GenuineIntel



---------------  S Y S T E M  ---------------

OS: Windows 8.1 , 64 bit Build 9600 (6.3.9600.17415)

CPU:total 3 (2 cores per cpu, 2 threads per core) family 6 model 60 stepping 3, cmov, cx8, fxsr, mmx, sse, sse2, sse3, ssse3, sse4.1, sse4.2, popcnt, avx, avx2, aes, clmul, erms, lzcnt, ht, tsc, tscinvbit, bmi1, bmi2

Memory: 4k page, physical 7519340k(945752k free), swap 10591340k(4812k free)

vm_info: Java HotSpot(TM) 64-Bit Server VM (25.60-b23) for windows-amd64 JRE (1.8.0_60-b27), built on Aug  4 2015 11:06:27 by "java_re" with MS VC++ 10.0 (VS2010)

time: Tue Feb 23 20:10:25 2016
elapsed time: 0 seconds (0d 0h 0m 0s)

